2017-11-17 00:00:35  [ http-nio-8080-exec-8:3561125 ] - [ DEBUG ]  DispatcherServlet with name 'millery-ssm' processing POST request for [/InformationController/getInformation]
2017-11-17 00:00:35  [ http-nio-8080-exec-8:3561129 ] - [ DEBUG ]  Looking up handler method for path /InformationController/getInformation
2017-11-17 00:00:35  [ http-nio-8080-exec-8:3561130 ] - [ DEBUG ]  Returning handler method [public com.fcsservice.utils.Result com.fcsservice.controller.InformationController.getInformation(java.lang.String)]
2017-11-17 00:00:35  [ http-nio-8080-exec-8:3561130 ] - [ DEBUG ]  Returning cached instance of singleton bean 'informationController'
2017-11-17 00:00:35  [ http-nio-8080-exec-8:3561131 ] - [ DEBUG ]  Creating a new SqlSession
2017-11-17 00:00:35  [ http-nio-8080-exec-8:3561165 ] - [ DEBUG ]  SqlSession [org.apache.ibatis.session.defaults.DefaultSqlSession@46171447] was not registered for synchronization because synchronization is not active
2017-11-17 00:00:35  [ http-nio-8080-exec-8:3561165 ] - [ DEBUG ]  Fetching JDBC Connection from DataSource
2017-11-17 00:00:35  [ http-nio-8080-exec-8:3561165 ] - [ DEBUG ]  JDBC Connection [ConnectionHandle{url=jdbc:mysql://localhost:3306/fcsdatabase, user=root, debugHandle=null, lastResetAgoInSec=3531, lastUsedAgoInSec=66, creationTimeAgoInSec=3531}] will not be managed by Spring
2017-11-17 00:00:35  [ http-nio-8080-exec-8:3561166 ] - [ DEBUG ]  ==>  Preparing: select information_id, information_topic, information_author, information_content, information_fabulous, information_reltime, information_status from fcsinformation where information_id = ? 
2017-11-17 00:00:35  [ http-nio-8080-exec-8:3561166 ] - [ DEBUG ]  ==> Parameters: 2db54a2b165f40059ad4d4132b5f07ce(String)
2017-11-17 00:00:35  [ http-nio-8080-exec-8:3561169 ] - [ DEBUG ]  <==      Total: 1
2017-11-17 00:00:35  [ http-nio-8080-exec-8:3561170 ] - [ DEBUG ]  Closing non transactional SqlSession [org.apache.ibatis.session.defaults.DefaultSqlSession@46171447]
2017-11-17 00:00:35  [ http-nio-8080-exec-8:3561170 ] - [ DEBUG ]  Returning JDBC Connection to DataSource
2017-11-17 00:00:35  [ http-nio-8080-exec-8:3561172 ] - [ DEBUG ]  Written [com.fcsservice.utils.Result@283868ba] as "application/json" using [org.springframework.http.converter.json.MappingJackson2HttpMessageConverter@6f967ee3]
2017-11-17 00:00:35  [ http-nio-8080-exec-8:3561172 ] - [ DEBUG ]  Null ModelAndView returned to DispatcherServlet with name 'millery-ssm': assuming HandlerAdapter completed request handling
2017-11-17 00:00:35  [ http-nio-8080-exec-8:3561173 ] - [ DEBUG ]  Successfully completed request
2017-11-17 00:00:38  [ http-nio-8080-exec-9:3563641 ] - [ DEBUG ]  DispatcherServlet with name 'millery-ssm' processing POST request for [/InformationController/getInformation]
2017-11-17 00:00:38  [ http-nio-8080-exec-9:3563642 ] - [ DEBUG ]  Looking up handler method for path /InformationController/getInformation
2017-11-17 00:00:38  [ http-nio-8080-exec-9:3563642 ] - [ DEBUG ]  Returning handler method [public com.fcsservice.utils.Result com.fcsservice.controller.InformationController.getInformation(java.lang.String)]
2017-11-17 00:00:38  [ http-nio-8080-exec-9:3563642 ] - [ DEBUG ]  Returning cached instance of singleton bean 'informationController'
2017-11-17 00:00:38  [ http-nio-8080-exec-9:3563644 ] - [ DEBUG ]  Creating a new SqlSession
2017-11-17 00:00:38  [ http-nio-8080-exec-9:3563644 ] - [ DEBUG ]  SqlSession [org.apache.ibatis.session.defaults.DefaultSqlSession@71b2636] was not registered for synchronization because synchronization is not active
2017-11-17 00:00:38  [ http-nio-8080-exec-9:3563644 ] - [ DEBUG ]  Fetching JDBC Connection from DataSource
2017-11-17 00:00:38  [ http-nio-8080-exec-9:3563645 ] - [ DEBUG ]  JDBC Connection [ConnectionHandle{url=jdbc:mysql://localhost:3306/fcsdatabase, user=root, debugHandle=null, lastResetAgoInSec=3534, lastUsedAgoInSec=64, creationTimeAgoInSec=3534}] will not be managed by Spring
2017-11-17 00:00:38  [ http-nio-8080-exec-9:3563645 ] - [ DEBUG ]  ==>  Preparing: select information_id, information_topic, information_author, information_content, information_fabulous, information_reltime, information_status from fcsinformation where information_id = ? 
2017-11-17 00:00:38  [ http-nio-8080-exec-9:3563646 ] - [ DEBUG ]  ==> Parameters: 2db54a2b165f40059ad4d4132b5f07ce(String)
2017-11-17 00:00:38  [ http-nio-8080-exec-9:3563647 ] - [ DEBUG ]  <==      Total: 1
2017-11-17 00:00:38  [ http-nio-8080-exec-9:3563648 ] - [ DEBUG ]  Closing non transactional SqlSession [org.apache.ibatis.session.defaults.DefaultSqlSession@71b2636]
2017-11-17 00:00:38  [ http-nio-8080-exec-9:3563649 ] - [ DEBUG ]  Returning JDBC Connection to DataSource
2017-11-17 00:00:38  [ http-nio-8080-exec-9:3563651 ] - [ DEBUG ]  Written [com.fcsservice.utils.Result@6c3f741f] as "application/json" using [org.springframework.http.converter.json.MappingJackson2HttpMessageConverter@6f967ee3]
2017-11-17 00:00:38  [ http-nio-8080-exec-9:3563652 ] - [ DEBUG ]  Null ModelAndView returned to DispatcherServlet with name 'millery-ssm': assuming HandlerAdapter completed request handling
2017-11-17 00:00:38  [ http-nio-8080-exec-9:3563652 ] - [ DEBUG ]  Successfully completed request
2017-11-17 00:00:53  [ http-nio-8080-exec-10:3579097 ] - [ DEBUG ]  DispatcherServlet with name 'millery-ssm' processing POST request for [/InformationController/getInformation]
2017-11-17 00:00:53  [ http-nio-8080-exec-10:3579098 ] - [ DEBUG ]  Looking up handler method for path /InformationController/getInformation
2017-11-17 00:00:53  [ http-nio-8080-exec-10:3579098 ] - [ DEBUG ]  Returning handler method [public com.fcsservice.utils.Result com.fcsservice.controller.InformationController.getInformation(java.lang.String)]
2017-11-17 00:00:53  [ http-nio-8080-exec-10:3579098 ] - [ DEBUG ]  Returning cached instance of singleton bean 'informationController'
2017-11-17 00:00:53  [ http-nio-8080-exec-10:3579099 ] - [ DEBUG ]  Creating a new SqlSession
2017-11-17 00:00:53  [ http-nio-8080-exec-10:3579101 ] - [ DEBUG ]  SqlSession [org.apache.ibatis.session.defaults.DefaultSqlSession@6183536b] was not registered for synchronization because synchronization is not active
2017-11-17 00:00:53  [ http-nio-8080-exec-10:3579105 ] - [ DEBUG ]  Fetching JDBC Connection from DataSource
2017-11-17 00:00:53  [ http-nio-8080-exec-10:3579107 ] - [ DEBUG ]  JDBC Connection [ConnectionHandle{url=jdbc:mysql://localhost:3306/fcsdatabase, user=root, debugHandle=null, lastResetAgoInSec=3549, lastUsedAgoInSec=77, creationTimeAgoInSec=3549}] will not be managed by Spring
2017-11-17 00:00:53  [ http-nio-8080-exec-10:3579107 ] - [ DEBUG ]  ==>  Preparing: select information_id, information_topic, information_author, information_content, information_fabulous, information_reltime, information_status from fcsinformation where information_id = ? 
2017-11-17 00:00:53  [ http-nio-8080-exec-10:3579108 ] - [ DEBUG ]  ==> Parameters: 2db54a2b165f40059ad4d4132b5f07ce(String)
2017-11-17 00:00:53  [ http-nio-8080-exec-10:3579110 ] - [ DEBUG ]  <==      Total: 1
2017-11-17 00:00:53  [ http-nio-8080-exec-10:3579111 ] - [ DEBUG ]  Closing non transactional SqlSession [org.apache.ibatis.session.defaults.DefaultSqlSession@6183536b]
2017-11-17 00:00:53  [ http-nio-8080-exec-10:3579111 ] - [ DEBUG ]  Returning JDBC Connection to DataSource
2017-11-17 00:00:53  [ http-nio-8080-exec-10:3579113 ] - [ DEBUG ]  Written [com.fcsservice.utils.Result@510f7210] as "application/json" using [org.springframework.http.converter.json.MappingJackson2HttpMessageConverter@6f967ee3]
2017-11-17 00:00:53  [ http-nio-8080-exec-10:3579113 ] - [ DEBUG ]  Null ModelAndView returned to DispatcherServlet with name 'millery-ssm': assuming HandlerAdapter completed request handling
2017-11-17 00:00:53  [ http-nio-8080-exec-10:3579114 ] - [ DEBUG ]  Successfully completed request
2017-11-17 00:01:02  [ http-nio-8080-exec-1:3587839 ] - [ DEBUG ]  DispatcherServlet with name 'millery-ssm' processing POST request for [/InformationController/getInformation]
2017-11-17 00:01:02  [ http-nio-8080-exec-1:3587839 ] - [ DEBUG ]  Looking up handler method for path /InformationController/getInformation
2017-11-17 00:01:02  [ http-nio-8080-exec-1:3587840 ] - [ DEBUG ]  Returning handler method [public com.fcsservice.utils.Result com.fcsservice.controller.InformationController.getInformation(java.lang.String)]
2017-11-17 00:01:02  [ http-nio-8080-exec-1:3587842 ] - [ DEBUG ]  Returning cached instance of singleton bean 'informationController'
2017-11-17 00:01:02  [ http-nio-8080-exec-1:3587843 ] - [ DEBUG ]  Creating a new SqlSession
2017-11-17 00:01:02  [ http-nio-8080-exec-1:3587844 ] - [ DEBUG ]  SqlSession [org.apache.ibatis.session.defaults.DefaultSqlSession@67191e79] was not registered for synchronization because synchronization is not active
2017-11-17 00:01:02  [ http-nio-8080-exec-1:3587844 ] - [ DEBUG ]  Fetching JDBC Connection from DataSource
2017-11-17 00:01:02  [ http-nio-8080-exec-1:3587845 ] - [ DEBUG ]  JDBC Connection [ConnectionHandle{url=jdbc:mysql://localhost:3306/fcsdatabase, user=root, debugHandle=null, lastResetAgoInSec=3558, lastUsedAgoInSec=82, creationTimeAgoInSec=3558}] will not be managed by Spring
2017-11-17 00:01:02  [ http-nio-8080-exec-1:3587845 ] - [ DEBUG ]  ==>  Preparing: select information_id, information_topic, information_author, information_content, information_fabulous, information_reltime, information_status from fcsinformation where information_id = ? 
2017-11-17 00:01:02  [ http-nio-8080-exec-1:3587845 ] - [ DEBUG ]  ==> Parameters: 2db54a2b165f40059ad4d4132b5f07ce(String)
2017-11-17 00:01:02  [ http-nio-8080-exec-1:3587847 ] - [ DEBUG ]  <==      Total: 1
2017-11-17 00:01:02  [ http-nio-8080-exec-1:3587848 ] - [ DEBUG ]  Closing non transactional SqlSession [org.apache.ibatis.session.defaults.DefaultSqlSession@67191e79]
2017-11-17 00:01:02  [ http-nio-8080-exec-1:3587848 ] - [ DEBUG ]  Returning JDBC Connection to DataSource
2017-11-17 00:01:02  [ http-nio-8080-exec-1:3587854 ] - [ DEBUG ]  Written [com.fcsservice.utils.Result@2b70c513] as "application/json" using [org.springframework.http.converter.json.MappingJackson2HttpMessageConverter@6f967ee3]
2017-11-17 00:01:02  [ http-nio-8080-exec-1:3587855 ] - [ DEBUG ]  Null ModelAndView returned to DispatcherServlet with name 'millery-ssm': assuming HandlerAdapter completed request handling
2017-11-17 00:01:02  [ http-nio-8080-exec-1:3587855 ] - [ DEBUG ]  Successfully completed request
2017-11-17 00:01:11  [ http-nio-8080-exec-2:3596654 ] - [ DEBUG ]  DispatcherServlet with name 'millery-ssm' processing POST request for [/InformationController/getInformation]
2017-11-17 00:01:11  [ http-nio-8080-exec-2:3596655 ] - [ DEBUG ]  Looking up handler method for path /InformationController/getInformation
2017-11-17 00:01:11  [ http-nio-8080-exec-2:3596656 ] - [ DEBUG ]  Returning handler method [public com.fcsservice.utils.Result com.fcsservice.controller.InformationController.getInformation(java.lang.String)]
2017-11-17 00:01:11  [ http-nio-8080-exec-2:3596656 ] - [ DEBUG ]  Returning cached instance of singleton bean 'informationController'
2017-11-17 00:01:11  [ http-nio-8080-exec-2:3596657 ] - [ DEBUG ]  Creating a new SqlSession
2017-11-17 00:01:11  [ http-nio-8080-exec-2:3596657 ] - [ DEBUG ]  SqlSession [org.apache.ibatis.session.defaults.DefaultSqlSession@43576d6e] was not registered for synchronization because synchronization is not active
2017-11-17 00:01:11  [ http-nio-8080-exec-2:3596658 ] - [ DEBUG ]  Fetching JDBC Connection from DataSource
2017-11-17 00:01:11  [ http-nio-8080-exec-2:3596658 ] - [ DEBUG ]  JDBC Connection [ConnectionHandle{url=jdbc:mysql://localhost:3306/fcsdatabase, user=root, debugHandle=null, lastResetAgoInSec=3567, lastUsedAgoInSec=75, creationTimeAgoInSec=3567}] will not be managed by Spring
2017-11-17 00:01:11  [ http-nio-8080-exec-2:3596659 ] - [ DEBUG ]  ==>  Preparing: select information_id, information_topic, information_author, information_content, information_fabulous, information_reltime, information_status from fcsinformation where information_id = ? 
2017-11-17 00:01:11  [ http-nio-8080-exec-2:3596660 ] - [ DEBUG ]  ==> Parameters: 2db54a2b165f40059ad4d4132b5f07ce(String)
2017-11-17 00:01:11  [ http-nio-8080-exec-2:3596667 ] - [ DEBUG ]  <==      Total: 1
2017-11-17 00:01:11  [ http-nio-8080-exec-2:3596669 ] - [ DEBUG ]  Closing non transactional SqlSession [org.apache.ibatis.session.defaults.DefaultSqlSession@43576d6e]
2017-11-17 00:01:11  [ http-nio-8080-exec-2:3596671 ] - [ DEBUG ]  Returning JDBC Connection to DataSource
2017-11-17 00:01:11  [ http-nio-8080-exec-2:3596676 ] - [ DEBUG ]  Written [com.fcsservice.utils.Result@258b0519] as "application/json" using [org.springframework.http.converter.json.MappingJackson2HttpMessageConverter@6f967ee3]
2017-11-17 00:01:11  [ http-nio-8080-exec-2:3596676 ] - [ DEBUG ]  Null ModelAndView returned to DispatcherServlet with name 'millery-ssm': assuming HandlerAdapter completed request handling
2017-11-17 00:01:11  [ http-nio-8080-exec-2:3596677 ] - [ DEBUG ]  Successfully completed request
2017-11-17 00:01:48  [ http-nio-8080-exec-3:3633430 ] - [ DEBUG ]  DispatcherServlet with name 'millery-ssm' processing POST request for [/InformationController/getInformation]
2017-11-17 00:01:48  [ http-nio-8080-exec-3:3633430 ] - [ DEBUG ]  Looking up handler method for path /InformationController/getInformation
2017-11-17 00:01:48  [ http-nio-8080-exec-3:3633431 ] - [ DEBUG ]  Returning handler method [public com.fcsservice.utils.Result com.fcsservice.controller.InformationController.getInformation(java.lang.String)]
2017-11-17 00:01:48  [ http-nio-8080-exec-3:3633431 ] - [ DEBUG ]  Returning cached instance of singleton bean 'informationController'
2017-11-17 00:01:48  [ http-nio-8080-exec-3:3633432 ] - [ DEBUG ]  Creating a new SqlSession
2017-11-17 00:01:48  [ http-nio-8080-exec-3:3633434 ] - [ DEBUG ]  SqlSession [org.apache.ibatis.session.defaults.DefaultSqlSession@7c2e239d] was not registered for synchronization because synchronization is not active
2017-11-17 00:01:48  [ http-nio-8080-exec-3:3633439 ] - [ DEBUG ]  Fetching JDBC Connection from DataSource
2017-11-17 00:01:48  [ http-nio-8080-exec-3:3633439 ] - [ DEBUG ]  JDBC Connection [ConnectionHandle{url=jdbc:mysql://localhost:3306/fcsdatabase, user=root, debugHandle=null, lastResetAgoInSec=3604, lastUsedAgoInSec=72, creationTimeAgoInSec=3604}] will not be managed by Spring
2017-11-17 00:01:48  [ http-nio-8080-exec-3:3633440 ] - [ DEBUG ]  ==>  Preparing: select information_id, information_topic, information_author, information_content, information_fabulous, information_reltime, information_status from fcsinformation where information_id = ? 
2017-11-17 00:01:48  [ http-nio-8080-exec-3:3633441 ] - [ DEBUG ]  ==> Parameters: 2db54a2b165f40059ad4d4132b5f07ce(String)
2017-11-17 00:01:48  [ http-nio-8080-exec-3:3633442 ] - [ DEBUG ]  <==      Total: 1
2017-11-17 00:01:48  [ http-nio-8080-exec-3:3633443 ] - [ DEBUG ]  Closing non transactional SqlSession [org.apache.ibatis.session.defaults.DefaultSqlSession@7c2e239d]
2017-11-17 00:01:48  [ http-nio-8080-exec-3:3633444 ] - [ DEBUG ]  Returning JDBC Connection to DataSource
2017-11-17 00:01:48  [ http-nio-8080-exec-3:3633446 ] - [ DEBUG ]  Written [com.fcsservice.utils.Result@114ba0ca] as "application/json" using [org.springframework.http.converter.json.MappingJackson2HttpMessageConverter@6f967ee3]
2017-11-17 00:01:48  [ http-nio-8080-exec-3:3633447 ] - [ DEBUG ]  Null ModelAndView returned to DispatcherServlet with name 'millery-ssm': assuming HandlerAdapter completed request handling
2017-11-17 00:01:48  [ http-nio-8080-exec-3:3633447 ] - [ DEBUG ]  Successfully completed request
2017-11-17 00:02:11  [ http-nio-8080-exec-7:3657214 ] - [ DEBUG ]  DispatcherServlet with name 'millery-ssm' processing POST request for [/InformationController/getInformation]
2017-11-17 00:02:11  [ http-nio-8080-exec-7:3657215 ] - [ DEBUG ]  Looking up handler method for path /InformationController/getInformation
2017-11-17 00:02:11  [ http-nio-8080-exec-7:3657215 ] - [ DEBUG ]  Returning handler method [public com.fcsservice.utils.Result com.fcsservice.controller.InformationController.getInformation(java.lang.String)]
2017-11-17 00:02:11  [ http-nio-8080-exec-7:3657216 ] - [ DEBUG ]  Returning cached instance of singleton bean 'informationController'
2017-11-17 00:02:11  [ http-nio-8080-exec-7:3657219 ] - [ DEBUG ]  Creating a new SqlSession
2017-11-17 00:02:11  [ http-nio-8080-exec-7:3657221 ] - [ DEBUG ]  SqlSession [org.apache.ibatis.session.defaults.DefaultSqlSession@4376b77f] was not registered for synchronization because synchronization is not active
2017-11-17 00:02:11  [ http-nio-8080-exec-7:3657223 ] - [ DEBUG ]  Fetching JDBC Connection from DataSource
2017-11-17 00:02:11  [ http-nio-8080-exec-7:3657224 ] - [ DEBUG ]  JDBC Connection [ConnectionHandle{url=jdbc:mysql://localhost:3306/fcsdatabase, user=root, debugHandle=null, lastResetAgoInSec=3627, lastUsedAgoInSec=93, creationTimeAgoInSec=3627}] will not be managed by Spring
2017-11-17 00:02:11  [ http-nio-8080-exec-7:3657225 ] - [ DEBUG ]  ==>  Preparing: select information_id, information_topic, information_author, information_content, information_fabulous, information_reltime, information_status from fcsinformation where information_id = ? 
2017-11-17 00:02:11  [ http-nio-8080-exec-7:3657225 ] - [ DEBUG ]  ==> Parameters: 2db54a2b165f40059ad4d4132b5f07ce(String)
2017-11-17 00:02:11  [ http-nio-8080-exec-7:3657227 ] - [ DEBUG ]  <==      Total: 1
2017-11-17 00:02:11  [ http-nio-8080-exec-7:3657227 ] - [ DEBUG ]  Closing non transactional SqlSession [org.apache.ibatis.session.defaults.DefaultSqlSession@4376b77f]
2017-11-17 00:02:11  [ http-nio-8080-exec-7:3657227 ] - [ DEBUG ]  Returning JDBC Connection to DataSource
2017-11-17 00:02:11  [ http-nio-8080-exec-7:3657230 ] - [ DEBUG ]  Written [com.fcsservice.utils.Result@541148a1] as "application/json" using [org.springframework.http.converter.json.MappingJackson2HttpMessageConverter@6f967ee3]
2017-11-17 00:02:11  [ http-nio-8080-exec-7:3657230 ] - [ DEBUG ]  Null ModelAndView returned to DispatcherServlet with name 'millery-ssm': assuming HandlerAdapter completed request handling
2017-11-17 00:02:11  [ http-nio-8080-exec-7:3657230 ] - [ DEBUG ]  Successfully completed request
2017-11-17 00:03:34  [ http-nio-8080-exec-8:3739337 ] - [ DEBUG ]  DispatcherServlet with name 'millery-ssm' processing POST request for [/InformationController/getInformation]
2017-11-17 00:03:34  [ http-nio-8080-exec-8:3739339 ] - [ DEBUG ]  Looking up handler method for path /InformationController/getInformation
2017-11-17 00:03:34  [ http-nio-8080-exec-8:3739341 ] - [ DEBUG ]  Returning handler method [public com.fcsservice.utils.Result com.fcsservice.controller.InformationController.getInformation(java.lang.String)]
2017-11-17 00:03:34  [ http-nio-8080-exec-8:3739341 ] - [ DEBUG ]  Returning cached instance of singleton bean 'informationController'
2017-11-17 00:03:34  [ http-nio-8080-exec-8:3739342 ] - [ DEBUG ]  Creating a new SqlSession
2017-11-17 00:03:34  [ http-nio-8080-exec-8:3739343 ] - [ DEBUG ]  SqlSession [org.apache.ibatis.session.defaults.DefaultSqlSession@56f3f4d6] was not registered for synchronization because synchronization is not active
2017-11-17 00:03:34  [ http-nio-8080-exec-8:3739343 ] - [ DEBUG ]  Fetching JDBC Connection from DataSource
2017-11-17 00:03:34  [ http-nio-8080-exec-8:3739344 ] - [ DEBUG ]  JDBC Connection [ConnectionHandle{url=jdbc:mysql://localhost:3306/fcsdatabase, user=root, debugHandle=null, lastResetAgoInSec=3709, lastUsedAgoInSec=160, creationTimeAgoInSec=3709}] will not be managed by Spring
2017-11-17 00:03:34  [ http-nio-8080-exec-8:3739344 ] - [ DEBUG ]  ==>  Preparing: select information_id, information_topic, information_author, information_content, information_fabulous, information_reltime, information_status from fcsinformation where information_id = ? 
2017-11-17 00:03:34  [ http-nio-8080-exec-8:3739345 ] - [ DEBUG ]  ==> Parameters: 2db54a2b165f40059ad4d4132b5f07ce(String)
2017-11-17 00:03:34  [ http-nio-8080-exec-8:3739347 ] - [ DEBUG ]  <==      Total: 1
2017-11-17 00:03:34  [ http-nio-8080-exec-8:3739348 ] - [ DEBUG ]  Closing non transactional SqlSession [org.apache.ibatis.session.defaults.DefaultSqlSession@56f3f4d6]
2017-11-17 00:03:34  [ http-nio-8080-exec-8:3739348 ] - [ DEBUG ]  Returning JDBC Connection to DataSource
2017-11-17 00:03:34  [ http-nio-8080-exec-8:3739350 ] - [ DEBUG ]  Written [com.fcsservice.utils.Result@2ef0d79b] as "application/json" using [org.springframework.http.converter.json.MappingJackson2HttpMessageConverter@6f967ee3]
2017-11-17 00:03:34  [ http-nio-8080-exec-8:3739351 ] - [ DEBUG ]  Null ModelAndView returned to DispatcherServlet with name 'millery-ssm': assuming HandlerAdapter completed request handling
2017-11-17 00:03:34  [ http-nio-8080-exec-8:3739351 ] - [ DEBUG ]  Successfully completed request
2017-11-17 00:03:59  [ http-nio-8080-exec-10:3764630 ] - [ DEBUG ]  DispatcherServlet with name 'millery-ssm' processing POST request for [/InformationController/getInformation]
2017-11-17 00:03:59  [ http-nio-8080-exec-10:3764631 ] - [ DEBUG ]  Looking up handler method for path /InformationController/getInformation
2017-11-17 00:03:59  [ http-nio-8080-exec-10:3764637 ] - [ DEBUG ]  Returning handler method [public com.fcsservice.utils.Result com.fcsservice.controller.InformationController.getInformation(java.lang.String)]
2017-11-17 00:03:59  [ http-nio-8080-exec-10:3764638 ] - [ DEBUG ]  Returning cached instance of singleton bean 'informationController'
2017-11-17 00:03:59  [ http-nio-8080-exec-10:3764639 ] - [ DEBUG ]  Creating a new SqlSession
2017-11-17 00:03:59  [ http-nio-8080-exec-10:3764642 ] - [ DEBUG ]  SqlSession [org.apache.ibatis.session.defaults.DefaultSqlSession@2a6c7b51] was not registered for synchronization because synchronization is not active
2017-11-17 00:03:59  [ http-nio-8080-exec-10:3764643 ] - [ DEBUG ]  Fetching JDBC Connection from DataSource
2017-11-17 00:03:59  [ http-nio-8080-exec-10:3764646 ] - [ DEBUG ]  JDBC Connection [ConnectionHandle{url=jdbc:mysql://localhost:3306/fcsdatabase, user=root, debugHandle=null, lastResetAgoInSec=3735, lastUsedAgoInSec=176, creationTimeAgoInSec=3735}] will not be managed by Spring
2017-11-17 00:03:59  [ http-nio-8080-exec-10:3764647 ] - [ DEBUG ]  ==>  Preparing: select information_id, information_topic, information_author, information_content, information_fabulous, information_reltime, information_status from fcsinformation where information_id = ? 
2017-11-17 00:03:59  [ http-nio-8080-exec-10:3764653 ] - [ DEBUG ]  ==> Parameters: 2db54a2b165f40059ad4d4132b5f07ce(String)
2017-11-17 00:03:59  [ http-nio-8080-exec-10:3764654 ] - [ DEBUG ]  <==      Total: 1
2017-11-17 00:03:59  [ http-nio-8080-exec-10:3764655 ] - [ DEBUG ]  Closing non transactional SqlSession [org.apache.ibatis.session.defaults.DefaultSqlSession@2a6c7b51]
2017-11-17 00:03:59  [ http-nio-8080-exec-10:3764655 ] - [ DEBUG ]  Returning JDBC Connection to DataSource
2017-11-17 00:03:59  [ http-nio-8080-exec-10:3764659 ] - [ DEBUG ]  Written [com.fcsservice.utils.Result@454fc567] as "application/json" using [org.springframework.http.converter.json.MappingJackson2HttpMessageConverter@6f967ee3]
2017-11-17 00:03:59  [ http-nio-8080-exec-10:3764660 ] - [ DEBUG ]  Null ModelAndView returned to DispatcherServlet with name 'millery-ssm': assuming HandlerAdapter completed request handling
2017-11-17 00:03:59  [ http-nio-8080-exec-10:3764660 ] - [ DEBUG ]  Successfully completed request
2017-11-17 00:05:16  [ http-nio-8080-exec-2:3841980 ] - [ DEBUG ]  DispatcherServlet with name 'millery-ssm' processing POST request for [/InformationController/getInformation]
2017-11-17 00:05:16  [ http-nio-8080-exec-2:3841980 ] - [ DEBUG ]  Looking up handler method for path /InformationController/getInformation
2017-11-17 00:05:16  [ http-nio-8080-exec-2:3841983 ] - [ DEBUG ]  Returning handler method [public com.fcsservice.utils.Result com.fcsservice.controller.InformationController.getInformation(java.lang.String)]
2017-11-17 00:05:16  [ http-nio-8080-exec-2:3841984 ] - [ DEBUG ]  Returning cached instance of singleton bean 'informationController'
2017-11-17 00:05:16  [ http-nio-8080-exec-2:3841985 ] - [ DEBUG ]  Creating a new SqlSession
2017-11-17 00:05:16  [ http-nio-8080-exec-2:3841986 ] - [ DEBUG ]  SqlSession [org.apache.ibatis.session.defaults.DefaultSqlSession@5dcf30db] was not registered for synchronization because synchronization is not active
2017-11-17 00:05:16  [ http-nio-8080-exec-2:3841987 ] - [ DEBUG ]  Fetching JDBC Connection from DataSource
2017-11-17 00:05:16  [ http-nio-8080-exec-2:3841988 ] - [ DEBUG ]  JDBC Connection [ConnectionHandle{url=jdbc:mysql://localhost:3306/fcsdatabase, user=root, debugHandle=null, lastResetAgoInSec=3812, lastUsedAgoInSec=245, creationTimeAgoInSec=3812}] will not be managed by Spring
2017-11-17 00:05:16  [ http-nio-8080-exec-2:3841989 ] - [ DEBUG ]  ==>  Preparing: select information_id, information_topic, information_author, information_content, information_fabulous, information_reltime, information_status from fcsinformation where information_id = ? 
2017-11-17 00:05:16  [ http-nio-8080-exec-2:3841990 ] - [ DEBUG ]  ==> Parameters: 2db54a2b165f40059ad4d4132b5f07ce(String)
2017-11-17 00:05:16  [ http-nio-8080-exec-2:3841993 ] - [ DEBUG ]  <==      Total: 1
2017-11-17 00:05:16  [ http-nio-8080-exec-2:3841994 ] - [ DEBUG ]  Closing non transactional SqlSession [org.apache.ibatis.session.defaults.DefaultSqlSession@5dcf30db]
2017-11-17 00:05:16  [ http-nio-8080-exec-2:3841995 ] - [ DEBUG ]  Returning JDBC Connection to DataSource
2017-11-17 00:05:16  [ http-nio-8080-exec-2:3841997 ] - [ DEBUG ]  Written [com.fcsservice.utils.Result@68513c13] as "application/json" using [org.springframework.http.converter.json.MappingJackson2HttpMessageConverter@6f967ee3]
2017-11-17 00:05:16  [ http-nio-8080-exec-2:3841997 ] - [ DEBUG ]  Null ModelAndView returned to DispatcherServlet with name 'millery-ssm': assuming HandlerAdapter completed request handling
2017-11-17 00:05:16  [ http-nio-8080-exec-2:3841997 ] - [ DEBUG ]  Successfully completed request
2017-11-17 00:05:39  [ http-nio-8080-exec-3:3864835 ] - [ DEBUG ]  DispatcherServlet with name 'millery-ssm' processing POST request for [/InformationController/getInformation]
2017-11-17 00:05:39  [ http-nio-8080-exec-3:3864835 ] - [ DEBUG ]  Looking up handler method for path /InformationController/getInformation
2017-11-17 00:05:39  [ http-nio-8080-exec-3:3864835 ] - [ DEBUG ]  Returning handler method [public com.fcsservice.utils.Result com.fcsservice.controller.InformationController.getInformation(java.lang.String)]
2017-11-17 00:05:39  [ http-nio-8080-exec-3:3864836 ] - [ DEBUG ]  Returning cached instance of singleton bean 'informationController'
2017-11-17 00:05:39  [ http-nio-8080-exec-3:3864839 ] - [ DEBUG ]  Creating a new SqlSession
2017-11-17 00:05:39  [ http-nio-8080-exec-3:3864839 ] - [ DEBUG ]  SqlSession [org.apache.ibatis.session.defaults.DefaultSqlSession@1c744bb5] was not registered for synchronization because synchronization is not active
2017-11-17 00:05:39  [ http-nio-8080-exec-3:3864840 ] - [ DEBUG ]  Fetching JDBC Connection from DataSource
2017-11-17 00:05:39  [ http-nio-8080-exec-3:3864842 ] - [ DEBUG ]  JDBC Connection [ConnectionHandle{url=jdbc:mysql://localhost:3306/fcsdatabase, user=root, debugHandle=null, lastResetAgoInSec=3835, lastUsedAgoInSec=231, creationTimeAgoInSec=3835}] will not be managed by Spring
2017-11-17 00:05:39  [ http-nio-8080-exec-3:3864845 ] - [ DEBUG ]  ==>  Preparing: select information_id, information_topic, information_author, information_content, information_fabulous, information_reltime, information_status from fcsinformation where information_id = ? 
2017-11-17 00:05:39  [ http-nio-8080-exec-3:3864846 ] - [ DEBUG ]  ==> Parameters: 2db54a2b165f40059ad4d4132b5f07ce(String)
2017-11-17 00:05:39  [ http-nio-8080-exec-3:3864848 ] - [ DEBUG ]  <==      Total: 1
2017-11-17 00:05:39  [ http-nio-8080-exec-3:3864849 ] - [ DEBUG ]  Closing non transactional SqlSession [org.apache.ibatis.session.defaults.DefaultSqlSession@1c744bb5]
2017-11-17 00:05:39  [ http-nio-8080-exec-3:3864849 ] - [ DEBUG ]  Returning JDBC Connection to DataSource
2017-11-17 00:05:39  [ http-nio-8080-exec-3:3864852 ] - [ DEBUG ]  Written [com.fcsservice.utils.Result@7b93fe83] as "application/json" using [org.springframework.http.converter.json.MappingJackson2HttpMessageConverter@6f967ee3]
2017-11-17 00:05:39  [ http-nio-8080-exec-3:3864853 ] - [ DEBUG ]  Null ModelAndView returned to DispatcherServlet with name 'millery-ssm': assuming HandlerAdapter completed request handling
2017-11-17 00:05:39  [ http-nio-8080-exec-3:3864853 ] - [ DEBUG ]  Successfully completed request
2017-11-17 00:07:56  [ http-nio-8080-exec-7:4001798 ] - [ DEBUG ]  DispatcherServlet with name 'millery-ssm' processing POST request for [/InformationController/getInformation]
2017-11-17 00:07:56  [ http-nio-8080-exec-7:4001800 ] - [ DEBUG ]  Looking up handler method for path /InformationController/getInformation
2017-11-17 00:07:56  [ http-nio-8080-exec-7:4001801 ] - [ DEBUG ]  Returning handler method [public com.fcsservice.utils.Result com.fcsservice.controller.InformationController.getInformation(java.lang.String)]
2017-11-17 00:07:56  [ http-nio-8080-exec-7:4001810 ] - [ DEBUG ]  Returning cached instance of singleton bean 'informationController'
2017-11-17 00:07:56  [ http-nio-8080-exec-7:4001811 ] - [ DEBUG ]  Creating a new SqlSession
2017-11-17 00:07:56  [ http-nio-8080-exec-7:4001811 ] - [ DEBUG ]  SqlSession [org.apache.ibatis.session.defaults.DefaultSqlSession@222ac013] was not registered for synchronization because synchronization is not active
2017-11-17 00:07:56  [ http-nio-8080-exec-7:4001812 ] - [ DEBUG ]  Fetching JDBC Connection from DataSource
2017-11-17 00:07:56  [ http-nio-8080-exec-7:4001812 ] - [ DEBUG ]  JDBC Connection [ConnectionHandle{url=jdbc:mysql://localhost:3306/fcsdatabase, user=root, debugHandle=null, lastResetAgoInSec=3972, lastUsedAgoInSec=344, creationTimeAgoInSec=3972}] will not be managed by Spring
2017-11-17 00:07:56  [ http-nio-8080-exec-7:4001813 ] - [ DEBUG ]  ==>  Preparing: select information_id, information_topic, information_author, information_content, information_fabulous, information_reltime, information_status from fcsinformation where information_id = ? 
2017-11-17 00:07:56  [ http-nio-8080-exec-7:4001814 ] - [ DEBUG ]  ==> Parameters: 2db54a2b165f40059ad4d4132b5f07ce(String)
2017-11-17 00:07:56  [ http-nio-8080-exec-7:4001817 ] - [ DEBUG ]  <==      Total: 1
2017-11-17 00:07:56  [ http-nio-8080-exec-7:4001818 ] - [ DEBUG ]  Closing non transactional SqlSession [org.apache.ibatis.session.defaults.DefaultSqlSession@222ac013]
2017-11-17 00:07:56  [ http-nio-8080-exec-7:4001818 ] - [ DEBUG ]  Returning JDBC Connection to DataSource
2017-11-17 00:07:56  [ http-nio-8080-exec-7:4001822 ] - [ DEBUG ]  Written [com.fcsservice.utils.Result@5d00fce8] as "application/json" using [org.springframework.http.converter.json.MappingJackson2HttpMessageConverter@6f967ee3]
2017-11-17 00:07:56  [ http-nio-8080-exec-7:4001823 ] - [ DEBUG ]  Null ModelAndView returned to DispatcherServlet with name 'millery-ssm': assuming HandlerAdapter completed request handling
2017-11-17 00:07:56  [ http-nio-8080-exec-7:4001823 ] - [ DEBUG ]  Successfully completed request
2017-11-17 00:08:06  [ http-nio-8080-exec-6:4011845 ] - [ DEBUG ]  DispatcherServlet with name 'millery-ssm' processing POST request for [/InformationController/getNewInformationList]
2017-11-17 00:08:06  [ http-nio-8080-exec-6:4011845 ] - [ DEBUG ]  Looking up handler method for path /InformationController/getNewInformationList
2017-11-17 00:08:06  [ http-nio-8080-exec-6:4011846 ] - [ DEBUG ]  Returning handler method [public com.fcsservice.utils.Result com.fcsservice.controller.InformationController.getNewInformationList(java.lang.String)]
2017-11-17 00:08:06  [ http-nio-8080-exec-6:4011846 ] - [ DEBUG ]  Returning cached instance of singleton bean 'informationController'
2017-11-17 00:08:06  [ http-nio-8080-exec-6:4011847 ] - [ DEBUG ]  Creating a new SqlSession
2017-11-17 00:08:06  [ http-nio-8080-exec-6:4011847 ] - [ DEBUG ]  SqlSession [org.apache.ibatis.session.defaults.DefaultSqlSession@5fa4f45f] was not registered for synchronization because synchronization is not active
2017-11-17 00:08:06  [ http-nio-8080-exec-6:4011848 ] - [ DEBUG ]  Fetching JDBC Connection from DataSource
2017-11-17 00:08:06  [ http-nio-8080-exec-6:4011848 ] - [ DEBUG ]  JDBC Connection [ConnectionHandle{url=jdbc:mysql://localhost:3306/fcsdatabase, user=root, debugHandle=null, lastResetAgoInSec=3982, lastUsedAgoInSec=272, creationTimeAgoInSec=3982}] will not be managed by Spring
2017-11-17 00:08:06  [ http-nio-8080-exec-6:4011848 ] - [ DEBUG ]  ==>  Preparing: select information_id, information_topic, information_author, information_content, information_fabulous, information_reltime, information_status from fcsinformation where information_id = ? 
2017-11-17 00:08:06  [ http-nio-8080-exec-6:4011849 ] - [ DEBUG ]  ==> Parameters: 5365372b705f42eabe24dfd50097d4a4(String)
2017-11-17 00:08:06  [ http-nio-8080-exec-6:4011850 ] - [ DEBUG ]  <==      Total: 1
2017-11-17 00:08:06  [ http-nio-8080-exec-6:4011851 ] - [ DEBUG ]  Closing non transactional SqlSession [org.apache.ibatis.session.defaults.DefaultSqlSession@5fa4f45f]
2017-11-17 00:08:06  [ http-nio-8080-exec-6:4011852 ] - [ DEBUG ]  Returning JDBC Connection to DataSource
2017-11-17 00:08:06  [ http-nio-8080-exec-6:4011856 ] - [ DEBUG ]  Creating a new SqlSession
2017-11-17 00:08:06  [ http-nio-8080-exec-6:4011856 ] - [ DEBUG ]  SqlSession [org.apache.ibatis.session.defaults.DefaultSqlSession@4ec43e39] was not registered for synchronization because synchronization is not active
2017-11-17 00:08:06  [ http-nio-8080-exec-6:4011856 ] - [ DEBUG ]  Fetching JDBC Connection from DataSource
2017-11-17 00:08:06  [ http-nio-8080-exec-6:4011857 ] - [ DEBUG ]  JDBC Connection [ConnectionHandle{url=jdbc:mysql://localhost:3306/fcsdatabase, user=root, debugHandle=null, lastResetAgoInSec=3982, lastUsedAgoInSec=247, creationTimeAgoInSec=3982}] will not be managed by Spring
2017-11-17 00:08:06  [ http-nio-8080-exec-6:4011857 ] - [ DEBUG ]  ==>  Preparing: select information_id, information_topic, information_author, information_content, information_fabulous, information_reltime, information_status from fcsinformation WHERE information_reltime >? ORDER BY information_reltime DESC 
2017-11-17 00:08:06  [ http-nio-8080-exec-6:4011859 ] - [ DEBUG ]  ==> Parameters: 2022-11-02 15:10:50(String)
2017-11-17 00:08:06  [ http-nio-8080-exec-6:4011860 ] - [ DEBUG ]  <==      Total: 0
2017-11-17 00:08:06  [ http-nio-8080-exec-6:4011862 ] - [ DEBUG ]  Closing non transactional SqlSession [org.apache.ibatis.session.defaults.DefaultSqlSession@4ec43e39]
2017-11-17 00:08:06  [ http-nio-8080-exec-6:4011862 ] - [ DEBUG ]  Returning JDBC Connection to DataSource
2017-11-17 00:08:06  [ http-nio-8080-exec-6:4011865 ] - [ DEBUG ]  Written [com.fcsservice.utils.Result@167d3ac9] as "application/json" using [org.springframework.http.converter.json.MappingJackson2HttpMessageConverter@6f967ee3]
2017-11-17 00:08:06  [ http-nio-8080-exec-6:4011865 ] - [ DEBUG ]  Null ModelAndView returned to DispatcherServlet with name 'millery-ssm': assuming HandlerAdapter completed request handling
2017-11-17 00:08:06  [ http-nio-8080-exec-6:4011865 ] - [ DEBUG ]  Successfully completed request
2017-11-17 00:08:06  [ http-nio-8080-exec-8:4011891 ] - [ DEBUG ]  DispatcherServlet with name 'millery-ssm' processing POST request for [/InformationController/getTopInformation]
2017-11-17 00:08:06  [ http-nio-8080-exec-8:4011892 ] - [ DEBUG ]  Looking up handler method for path /InformationController/getTopInformation
2017-11-17 00:08:06  [ http-nio-8080-exec-8:4011893 ] - [ DEBUG ]  Returning handler method [public com.fcsservice.utils.Result com.fcsservice.controller.InformationController.getTopInformation()]
2017-11-17 00:08:06  [ http-nio-8080-exec-8:4011893 ] - [ DEBUG ]  Returning cached instance of singleton bean 'informationController'
2017-11-17 00:08:06  [ http-nio-8080-exec-8:4011895 ] - [ DEBUG ]  Creating a new SqlSession
2017-11-17 00:08:06  [ http-nio-8080-exec-8:4011905 ] - [ DEBUG ]  SqlSession [org.apache.ibatis.session.defaults.DefaultSqlSession@676cd3d7] was not registered for synchronization because synchronization is not active
2017-11-17 00:08:06  [ http-nio-8080-exec-8:4011908 ] - [ DEBUG ]  Fetching JDBC Connection from DataSource
2017-11-17 00:08:06  [ http-nio-8080-exec-8:4011909 ] - [ DEBUG ]  JDBC Connection [ConnectionHandle{url=jdbc:mysql://localhost:3306/fcsdatabase, user=root, debugHandle=null, lastResetAgoInSec=3982, lastUsedAgoInSec=169, creationTimeAgoInSec=3982}] will not be managed by Spring
2017-11-17 00:08:06  [ http-nio-8080-exec-8:4011909 ] - [ DEBUG ]  ==>  Preparing: select information_id, information_topic, information_author, information_content, information_fabulous, information_reltime, information_status from fcsinformation where information_status = ? 
2017-11-17 00:08:06  [ http-nio-8080-exec-8:4011917 ] - [ DEBUG ]  ==> Parameters: 2(Integer)
2017-11-17 00:08:06  [ http-nio-8080-exec-8:4011926 ] - [ DEBUG ]  <==      Total: 4
2017-11-17 00:08:06  [ http-nio-8080-exec-8:4011927 ] - [ DEBUG ]  Closing non transactional SqlSession [org.apache.ibatis.session.defaults.DefaultSqlSession@676cd3d7]
2017-11-17 00:08:06  [ http-nio-8080-exec-8:4011928 ] - [ DEBUG ]  Returning JDBC Connection to DataSource
2017-11-17 00:08:06  [ http-nio-8080-exec-8:4012028 ] - [ DEBUG ]  Written [com.fcsservice.utils.Result@2995c9b0] as "application/json" using [org.springframework.http.converter.json.MappingJackson2HttpMessageConverter@6f967ee3]
2017-11-17 00:08:06  [ http-nio-8080-exec-8:4012047 ] - [ DEBUG ]  Null ModelAndView returned to DispatcherServlet with name 'millery-ssm': assuming HandlerAdapter completed request handling
2017-11-17 00:08:06  [ http-nio-8080-exec-8:4012047 ] - [ DEBUG ]  Successfully completed request
2017-11-17 00:08:09  [ http-nio-8080-exec-9:4014774 ] - [ DEBUG ]  DispatcherServlet with name 'millery-ssm' processing POST request for [/InformationController/getInformation]
2017-11-17 00:08:09  [ http-nio-8080-exec-9:4014774 ] - [ DEBUG ]  Looking up handler method for path /InformationController/getInformation
2017-11-17 00:08:09  [ http-nio-8080-exec-9:4014775 ] - [ DEBUG ]  Returning handler method [public com.fcsservice.utils.Result com.fcsservice.controller.InformationController.getInformation(java.lang.String)]
2017-11-17 00:08:09  [ http-nio-8080-exec-9:4014775 ] - [ DEBUG ]  Returning cached instance of singleton bean 'informationController'
2017-11-17 00:08:09  [ http-nio-8080-exec-9:4014778 ] - [ DEBUG ]  Creating a new SqlSession
2017-11-17 00:08:09  [ http-nio-8080-exec-9:4014779 ] - [ DEBUG ]  SqlSession [org.apache.ibatis.session.defaults.DefaultSqlSession@324bc538] was not registered for synchronization because synchronization is not active
2017-11-17 00:08:09  [ http-nio-8080-exec-9:4014779 ] - [ DEBUG ]  Fetching JDBC Connection from DataSource
2017-11-17 00:08:09  [ http-nio-8080-exec-9:4014779 ] - [ DEBUG ]  JDBC Connection [ConnectionHandle{url=jdbc:mysql://localhost:3306/fcsdatabase, user=root, debugHandle=null, lastResetAgoInSec=3985, lastUsedAgoInSec=149, creationTimeAgoInSec=3985}] will not be managed by Spring
2017-11-17 00:08:09  [ http-nio-8080-exec-9:4014780 ] - [ DEBUG ]  ==>  Preparing: select information_id, information_topic, information_author, information_content, information_fabulous, information_reltime, information_status from fcsinformation where information_id = ? 
2017-11-17 00:08:09  [ http-nio-8080-exec-9:4014780 ] - [ DEBUG ]  ==> Parameters: 2db54a2b165f40059ad4d4132b5f07ce(String)
2017-11-17 00:08:09  [ http-nio-8080-exec-9:4014782 ] - [ DEBUG ]  <==      Total: 1
2017-11-17 00:08:09  [ http-nio-8080-exec-9:4014782 ] - [ DEBUG ]  Closing non transactional SqlSession [org.apache.ibatis.session.defaults.DefaultSqlSession@324bc538]
2017-11-17 00:08:09  [ http-nio-8080-exec-9:4014782 ] - [ DEBUG ]  Returning JDBC Connection to DataSource
2017-11-17 00:08:09  [ http-nio-8080-exec-9:4014784 ] - [ DEBUG ]  Written [com.fcsservice.utils.Result@71ba4347] as "application/json" using [org.springframework.http.converter.json.MappingJackson2HttpMessageConverter@6f967ee3]
2017-11-17 00:08:09  [ http-nio-8080-exec-9:4014784 ] - [ DEBUG ]  Null ModelAndView returned to DispatcherServlet with name 'millery-ssm': assuming HandlerAdapter completed request handling
2017-11-17 00:08:09  [ http-nio-8080-exec-9:4014785 ] - [ DEBUG ]  Successfully completed request
2017-11-17 00:08:20  [ http-nio-8080-exec-10:4025435 ] - [ DEBUG ]  DispatcherServlet with name 'millery-ssm' processing POST request for [/InformationController/getInformation]
2017-11-17 00:08:20  [ http-nio-8080-exec-10:4025436 ] - [ DEBUG ]  Looking up handler method for path /InformationController/getInformation
2017-11-17 00:08:20  [ http-nio-8080-exec-10:4025437 ] - [ DEBUG ]  Returning handler method [public com.fcsservice.utils.Result com.fcsservice.controller.InformationController.getInformation(java.lang.String)]
2017-11-17 00:08:20  [ http-nio-8080-exec-10:4025437 ] - [ DEBUG ]  Returning cached instance of singleton bean 'informationController'
2017-11-17 00:08:20  [ http-nio-8080-exec-10:4025440 ] - [ DEBUG ]  Creating a new SqlSession
2017-11-17 00:08:20  [ http-nio-8080-exec-10:4025440 ] - [ DEBUG ]  SqlSession [org.apache.ibatis.session.defaults.DefaultSqlSession@c30986c] was not registered for synchronization because synchronization is not active
2017-11-17 00:08:20  [ http-nio-8080-exec-10:4025441 ] - [ DEBUG ]  Fetching JDBC Connection from DataSource
2017-11-17 00:08:20  [ http-nio-8080-exec-10:4025442 ] - [ DEBUG ]  JDBC Connection [ConnectionHandle{url=jdbc:mysql://localhost:3306/fcsdatabase, user=root, debugHandle=null, lastResetAgoInSec=3996, lastUsedAgoInSec=23, creationTimeAgoInSec=3996}] will not be managed by Spring
2017-11-17 00:08:20  [ http-nio-8080-exec-10:4025442 ] - [ DEBUG ]  ==>  Preparing: select information_id, information_topic, information_author, information_content, information_fabulous, information_reltime, information_status from fcsinformation where information_id = ? 
2017-11-17 00:08:20  [ http-nio-8080-exec-10:4025446 ] - [ DEBUG ]  ==> Parameters: 2db54a2b165f40059ad4d4132b5f07ce(String)
2017-11-17 00:08:20  [ http-nio-8080-exec-10:4025448 ] - [ DEBUG ]  <==      Total: 1
2017-11-17 00:08:20  [ http-nio-8080-exec-10:4025448 ] - [ DEBUG ]  Closing non transactional SqlSession [org.apache.ibatis.session.defaults.DefaultSqlSession@c30986c]
2017-11-17 00:08:20  [ http-nio-8080-exec-10:4025448 ] - [ DEBUG ]  Returning JDBC Connection to DataSource
2017-11-17 00:08:20  [ http-nio-8080-exec-10:4025451 ] - [ DEBUG ]  Written [com.fcsservice.utils.Result@6172afe5] as "application/json" using [org.springframework.http.converter.json.MappingJackson2HttpMessageConverter@6f967ee3]
2017-11-17 00:08:20  [ http-nio-8080-exec-10:4025451 ] - [ DEBUG ]  Null ModelAndView returned to DispatcherServlet with name 'millery-ssm': assuming HandlerAdapter completed request handling
2017-11-17 00:08:20  [ http-nio-8080-exec-10:4025451 ] - [ DEBUG ]  Successfully completed request
2017-11-17 00:08:26  [ http-nio-8080-exec-1:4031742 ] - [ DEBUG ]  DispatcherServlet with name 'millery-ssm' processing POST request for [/InformationController/getInformation]
2017-11-17 00:08:26  [ http-nio-8080-exec-1:4031742 ] - [ DEBUG ]  Looking up handler method for path /InformationController/getInformation
2017-11-17 00:08:26  [ http-nio-8080-exec-1:4031742 ] - [ DEBUG ]  Returning handler method [public com.fcsservice.utils.Result com.fcsservice.controller.InformationController.getInformation(java.lang.String)]
2017-11-17 00:08:26  [ http-nio-8080-exec-1:4031743 ] - [ DEBUG ]  Returning cached instance of singleton bean 'informationController'
2017-11-17 00:08:26  [ http-nio-8080-exec-1:4031746 ] - [ DEBUG ]  Creating a new SqlSession
2017-11-17 00:08:26  [ http-nio-8080-exec-1:4031746 ] - [ DEBUG ]  SqlSession [org.apache.ibatis.session.defaults.DefaultSqlSession@4b5ecd2] was not registered for synchronization because synchronization is not active
2017-11-17 00:08:26  [ http-nio-8080-exec-1:4031747 ] - [ DEBUG ]  Fetching JDBC Connection from DataSource
2017-11-17 00:08:26  [ http-nio-8080-exec-1:4031747 ] - [ DEBUG ]  JDBC Connection [ConnectionHandle{url=jdbc:mysql://localhost:3306/fcsdatabase, user=root, debugHandle=null, lastResetAgoInSec=4002, lastUsedAgoInSec=19, creationTimeAgoInSec=4002}] will not be managed by Spring
2017-11-17 00:08:26  [ http-nio-8080-exec-1:4031748 ] - [ DEBUG ]  ==>  Preparing: select information_id, information_topic, information_author, information_content, information_fabulous, information_reltime, information_status from fcsinformation where information_id = ? 
2017-11-17 00:08:26  [ http-nio-8080-exec-1:4031749 ] - [ DEBUG ]  ==> Parameters: 2db54a2b165f40059ad4d4132b5f07ce(String)
2017-11-17 00:08:26  [ http-nio-8080-exec-1:4031751 ] - [ DEBUG ]  <==      Total: 1
2017-11-17 00:08:26  [ http-nio-8080-exec-1:4031752 ] - [ DEBUG ]  Closing non transactional SqlSession [org.apache.ibatis.session.defaults.DefaultSqlSession@4b5ecd2]
2017-11-17 00:08:26  [ http-nio-8080-exec-1:4031752 ] - [ DEBUG ]  Returning JDBC Connection to DataSource
2017-11-17 00:08:26  [ http-nio-8080-exec-1:4031754 ] - [ DEBUG ]  Written [com.fcsservice.utils.Result@51fb821a] as "application/json" using [org.springframework.http.converter.json.MappingJackson2HttpMessageConverter@6f967ee3]
2017-11-17 00:08:26  [ http-nio-8080-exec-1:4031755 ] - [ DEBUG ]  Null ModelAndView returned to DispatcherServlet with name 'millery-ssm': assuming HandlerAdapter completed request handling
2017-11-17 00:08:26  [ http-nio-8080-exec-1:4031755 ] - [ DEBUG ]  Successfully completed request
2017-11-17 00:08:43  [ http-nio-8080-exec-2:4049249 ] - [ DEBUG ]  DispatcherServlet with name 'millery-ssm' processing POST request for [/InformationController/getInformation]
2017-11-17 00:08:43  [ http-nio-8080-exec-2:4049250 ] - [ DEBUG ]  Looking up handler method for path /InformationController/getInformation
2017-11-17 00:08:43  [ http-nio-8080-exec-2:4049251 ] - [ DEBUG ]  Returning handler method [public com.fcsservice.utils.Result com.fcsservice.controller.InformationController.getInformation(java.lang.String)]
2017-11-17 00:08:43  [ http-nio-8080-exec-2:4049252 ] - [ DEBUG ]  Returning cached instance of singleton bean 'informationController'
2017-11-17 00:08:43  [ http-nio-8080-exec-2:4049254 ] - [ DEBUG ]  Creating a new SqlSession
2017-11-17 00:08:43  [ http-nio-8080-exec-2:4049254 ] - [ DEBUG ]  SqlSession [org.apache.ibatis.session.defaults.DefaultSqlSession@4cbc902a] was not registered for synchronization because synchronization is not active
2017-11-17 00:08:43  [ http-nio-8080-exec-2:4049255 ] - [ DEBUG ]  Fetching JDBC Connection from DataSource
2017-11-17 00:08:43  [ http-nio-8080-exec-2:4049258 ] - [ DEBUG ]  JDBC Connection [ConnectionHandle{url=jdbc:mysql://localhost:3306/fcsdatabase, user=root, debugHandle=null, lastResetAgoInSec=4019, lastUsedAgoInSec=37, creationTimeAgoInSec=4019}] will not be managed by Spring
2017-11-17 00:08:43  [ http-nio-8080-exec-2:4049259 ] - [ DEBUG ]  ==>  Preparing: select information_id, information_topic, information_author, information_content, information_fabulous, information_reltime, information_status from fcsinformation where information_id = ? 
2017-11-17 00:08:43  [ http-nio-8080-exec-2:4049260 ] - [ DEBUG ]  ==> Parameters: 2db54a2b165f40059ad4d4132b5f07ce(String)
2017-11-17 00:08:43  [ http-nio-8080-exec-2:4049262 ] - [ DEBUG ]  <==      Total: 1
2017-11-17 00:08:43  [ http-nio-8080-exec-2:4049262 ] - [ DEBUG ]  Closing non transactional SqlSession [org.apache.ibatis.session.defaults.DefaultSqlSession@4cbc902a]
2017-11-17 00:08:43  [ http-nio-8080-exec-2:4049262 ] - [ DEBUG ]  Returning JDBC Connection to DataSource
2017-11-17 00:08:43  [ http-nio-8080-exec-2:4049264 ] - [ DEBUG ]  Written [com.fcsservice.utils.Result@495b5d30] as "application/json" using [org.springframework.http.converter.json.MappingJackson2HttpMessageConverter@6f967ee3]
2017-11-17 00:08:43  [ http-nio-8080-exec-2:4049264 ] - [ DEBUG ]  Null ModelAndView returned to DispatcherServlet with name 'millery-ssm': assuming HandlerAdapter completed request handling
2017-11-17 00:08:43  [ http-nio-8080-exec-2:4049265 ] - [ DEBUG ]  Successfully completed request
2017-11-17 00:08:50  [ http-nio-8080-exec-4:4055769 ] - [ DEBUG ]  DispatcherServlet with name 'millery-ssm' processing POST request for [/InformationController/getInformation]
2017-11-17 00:08:50  [ http-nio-8080-exec-4:4055770 ] - [ DEBUG ]  Looking up handler method for path /InformationController/getInformation
2017-11-17 00:08:50  [ http-nio-8080-exec-4:4055771 ] - [ DEBUG ]  Returning handler method [public com.fcsservice.utils.Result com.fcsservice.controller.InformationController.getInformation(java.lang.String)]
2017-11-17 00:08:50  [ http-nio-8080-exec-4:4055771 ] - [ DEBUG ]  Returning cached instance of singleton bean 'informationController'
2017-11-17 00:08:50  [ http-nio-8080-exec-4:4055774 ] - [ DEBUG ]  Creating a new SqlSession
2017-11-17 00:08:50  [ http-nio-8080-exec-4:4055775 ] - [ DEBUG ]  SqlSession [org.apache.ibatis.session.defaults.DefaultSqlSession@33cd7119] was not registered for synchronization because synchronization is not active
2017-11-17 00:08:50  [ http-nio-8080-exec-4:4055776 ] - [ DEBUG ]  Fetching JDBC Connection from DataSource
2017-11-17 00:08:50  [ http-nio-8080-exec-4:4055776 ] - [ DEBUG ]  JDBC Connection [ConnectionHandle{url=jdbc:mysql://localhost:3306/fcsdatabase, user=root, debugHandle=null, lastResetAgoInSec=4026, lastUsedAgoInSec=43, creationTimeAgoInSec=4026}] will not be managed by Spring
2017-11-17 00:08:50  [ http-nio-8080-exec-4:4055780 ] - [ DEBUG ]  ==>  Preparing: select information_id, information_topic, information_author, information_content, information_fabulous, information_reltime, information_status from fcsinformation where information_id = ? 
2017-11-17 00:08:50  [ http-nio-8080-exec-4:4055781 ] - [ DEBUG ]  ==> Parameters: 2db54a2b165f40059ad4d4132b5f07ce(String)
2017-11-17 00:08:50  [ http-nio-8080-exec-4:4055782 ] - [ DEBUG ]  <==      Total: 1
2017-11-17 00:08:50  [ http-nio-8080-exec-4:4055784 ] - [ DEBUG ]  Closing non transactional SqlSession [org.apache.ibatis.session.defaults.DefaultSqlSession@33cd7119]
2017-11-17 00:08:50  [ http-nio-8080-exec-4:4055784 ] - [ DEBUG ]  Returning JDBC Connection to DataSource
2017-11-17 00:08:50  [ http-nio-8080-exec-4:4055786 ] - [ DEBUG ]  Written [com.fcsservice.utils.Result@6c792484] as "application/json" using [org.springframework.http.converter.json.MappingJackson2HttpMessageConverter@6f967ee3]
2017-11-17 00:08:50  [ http-nio-8080-exec-4:4055786 ] - [ DEBUG ]  Null ModelAndView returned to DispatcherServlet with name 'millery-ssm': assuming HandlerAdapter completed request handling
2017-11-17 00:08:50  [ http-nio-8080-exec-4:4055786 ] - [ DEBUG ]  Successfully completed request
2017-11-17 00:09:16  [ http-nio-8080-exec-5:4081816 ] - [ DEBUG ]  DispatcherServlet with name 'millery-ssm' processing POST request for [/InformationController/getInformation]
2017-11-17 00:09:16  [ http-nio-8080-exec-5:4081816 ] - [ DEBUG ]  Looking up handler method for path /InformationController/getInformation
2017-11-17 00:09:16  [ http-nio-8080-exec-5:4081817 ] - [ DEBUG ]  Returning handler method [public com.fcsservice.utils.Result com.fcsservice.controller.InformationController.getInformation(java.lang.String)]
2017-11-17 00:09:16  [ http-nio-8080-exec-5:4081817 ] - [ DEBUG ]  Returning cached instance of singleton bean 'informationController'
2017-11-17 00:09:16  [ http-nio-8080-exec-5:4081818 ] - [ DEBUG ]  Creating a new SqlSession
2017-11-17 00:09:16  [ http-nio-8080-exec-5:4081818 ] - [ DEBUG ]  SqlSession [org.apache.ibatis.session.defaults.DefaultSqlSession@66f9f09d] was not registered for synchronization because synchronization is not active
2017-11-17 00:09:16  [ http-nio-8080-exec-5:4081819 ] - [ DEBUG ]  Fetching JDBC Connection from DataSource
2017-11-17 00:09:16  [ http-nio-8080-exec-5:4081819 ] - [ DEBUG ]  JDBC Connection [ConnectionHandle{url=jdbc:mysql://localhost:3306/fcsdatabase, user=root, debugHandle=null, lastResetAgoInSec=4052, lastUsedAgoInSec=67, creationTimeAgoInSec=4052}] will not be managed by Spring
2017-11-17 00:09:16  [ http-nio-8080-exec-5:4081823 ] - [ DEBUG ]  ==>  Preparing: select information_id, information_topic, information_author, information_content, information_fabulous, information_reltime, information_status from fcsinformation where information_id = ? 
2017-11-17 00:09:16  [ http-nio-8080-exec-5:4081825 ] - [ DEBUG ]  ==> Parameters: 2db54a2b165f40059ad4d4132b5f07ce(String)
2017-11-17 00:09:16  [ http-nio-8080-exec-5:4081826 ] - [ DEBUG ]  <==      Total: 1
2017-11-17 00:09:16  [ http-nio-8080-exec-5:4081827 ] - [ DEBUG ]  Closing non transactional SqlSession [org.apache.ibatis.session.defaults.DefaultSqlSession@66f9f09d]
2017-11-17 00:09:16  [ http-nio-8080-exec-5:4081827 ] - [ DEBUG ]  Returning JDBC Connection to DataSource
2017-11-17 00:09:16  [ http-nio-8080-exec-5:4081829 ] - [ DEBUG ]  Written [com.fcsservice.utils.Result@3adbdc6c] as "application/json" using [org.springframework.http.converter.json.MappingJackson2HttpMessageConverter@6f967ee3]
2017-11-17 00:09:16  [ http-nio-8080-exec-5:4081830 ] - [ DEBUG ]  Null ModelAndView returned to DispatcherServlet with name 'millery-ssm': assuming HandlerAdapter completed request handling
2017-11-17 00:09:16  [ http-nio-8080-exec-5:4081830 ] - [ DEBUG ]  Successfully completed request
2017-11-17 00:09:54  [ http-nio-8080-exec-6:4119885 ] - [ DEBUG ]  DispatcherServlet with name 'millery-ssm' processing POST request for [/InformationController/getInformation]
2017-11-17 00:09:54  [ http-nio-8080-exec-6:4119886 ] - [ DEBUG ]  Looking up handler method for path /InformationController/getInformation
2017-11-17 00:09:54  [ http-nio-8080-exec-6:4119886 ] - [ DEBUG ]  Returning handler method [public com.fcsservice.utils.Result com.fcsservice.controller.InformationController.getInformation(java.lang.String)]
2017-11-17 00:09:54  [ http-nio-8080-exec-6:4119887 ] - [ DEBUG ]  Returning cached instance of singleton bean 'informationController'
2017-11-17 00:09:54  [ http-nio-8080-exec-6:4119888 ] - [ DEBUG ]  Creating a new SqlSession
2017-11-17 00:09:54  [ http-nio-8080-exec-6:4119888 ] - [ DEBUG ]  SqlSession [org.apache.ibatis.session.defaults.DefaultSqlSession@7927ebc9] was not registered for synchronization because synchronization is not active
2017-11-17 00:09:54  [ http-nio-8080-exec-6:4119888 ] - [ DEBUG ]  Fetching JDBC Connection from DataSource
2017-11-17 00:09:54  [ http-nio-8080-exec-6:4119889 ] - [ DEBUG ]  JDBC Connection [ConnectionHandle{url=jdbc:mysql://localhost:3306/fcsdatabase, user=root, debugHandle=null, lastResetAgoInSec=4090, lastUsedAgoInSec=94, creationTimeAgoInSec=4090}] will not be managed by Spring
2017-11-17 00:09:54  [ http-nio-8080-exec-6:4119889 ] - [ DEBUG ]  ==>  Preparing: select information_id, information_topic, information_author, information_content, information_fabulous, information_reltime, information_status from fcsinformation where information_id = ? 
2017-11-17 00:09:54  [ http-nio-8080-exec-6:4119890 ] - [ DEBUG ]  ==> Parameters: 2db54a2b165f40059ad4d4132b5f07ce(String)
2017-11-17 00:09:54  [ http-nio-8080-exec-6:4119892 ] - [ DEBUG ]  <==      Total: 1
2017-11-17 00:09:54  [ http-nio-8080-exec-6:4119893 ] - [ DEBUG ]  Closing non transactional SqlSession [org.apache.ibatis.session.defaults.DefaultSqlSession@7927ebc9]
2017-11-17 00:09:54  [ http-nio-8080-exec-6:4119893 ] - [ DEBUG ]  Returning JDBC Connection to DataSource
2017-11-17 00:09:54  [ http-nio-8080-exec-6:4119895 ] - [ DEBUG ]  Written [com.fcsservice.utils.Result@5f1795d7] as "application/json" using [org.springframework.http.converter.json.MappingJackson2HttpMessageConverter@6f967ee3]
2017-11-17 00:09:54  [ http-nio-8080-exec-6:4119896 ] - [ DEBUG ]  Null ModelAndView returned to DispatcherServlet with name 'millery-ssm': assuming HandlerAdapter completed request handling
2017-11-17 00:09:54  [ http-nio-8080-exec-6:4119897 ] - [ DEBUG ]  Successfully completed request
2017-11-17 00:10:17  [ http-nio-8080-exec-9:4142445 ] - [ DEBUG ]  DispatcherServlet with name 'millery-ssm' processing POST request for [/InformationController/getInformation]
2017-11-17 00:10:17  [ http-nio-8080-exec-9:4142446 ] - [ DEBUG ]  Looking up handler method for path /InformationController/getInformation
2017-11-17 00:10:17  [ http-nio-8080-exec-9:4142446 ] - [ DEBUG ]  Returning handler method [public com.fcsservice.utils.Result com.fcsservice.controller.InformationController.getInformation(java.lang.String)]
2017-11-17 00:10:17  [ http-nio-8080-exec-9:4142448 ] - [ DEBUG ]  Returning cached instance of singleton bean 'informationController'
2017-11-17 00:10:17  [ http-nio-8080-exec-9:4142449 ] - [ DEBUG ]  Creating a new SqlSession
2017-11-17 00:10:17  [ http-nio-8080-exec-9:4142450 ] - [ DEBUG ]  SqlSession [org.apache.ibatis.session.defaults.DefaultSqlSession@1db42a4d] was not registered for synchronization because synchronization is not active
2017-11-17 00:10:17  [ http-nio-8080-exec-9:4142451 ] - [ DEBUG ]  Fetching JDBC Connection from DataSource
2017-11-17 00:10:17  [ http-nio-8080-exec-9:4142451 ] - [ DEBUG ]  JDBC Connection [ConnectionHandle{url=jdbc:mysql://localhost:3306/fcsdatabase, user=root, debugHandle=null, lastResetAgoInSec=4113, lastUsedAgoInSec=110, creationTimeAgoInSec=4113}] will not be managed by Spring
2017-11-17 00:10:17  [ http-nio-8080-exec-9:4142451 ] - [ DEBUG ]  ==>  Preparing: select information_id, information_topic, information_author, information_content, information_fabulous, information_reltime, information_status from fcsinformation where information_id = ? 
2017-11-17 00:10:17  [ http-nio-8080-exec-9:4142452 ] - [ DEBUG ]  ==> Parameters: 5365372b705f42eabe24dfd50097d4a4(String)
2017-11-17 00:10:17  [ http-nio-8080-exec-9:4142454 ] - [ DEBUG ]  <==      Total: 1
2017-11-17 00:10:17  [ http-nio-8080-exec-9:4142455 ] - [ DEBUG ]  Closing non transactional SqlSession [org.apache.ibatis.session.defaults.DefaultSqlSession@1db42a4d]
2017-11-17 00:10:17  [ http-nio-8080-exec-9:4142455 ] - [ DEBUG ]  Returning JDBC Connection to DataSource
2017-11-17 00:10:17  [ http-nio-8080-exec-9:4142457 ] - [ DEBUG ]  Written [com.fcsservice.utils.Result@2e3334c7] as "application/json" using [org.springframework.http.converter.json.MappingJackson2HttpMessageConverter@6f967ee3]
2017-11-17 00:10:17  [ http-nio-8080-exec-9:4142457 ] - [ DEBUG ]  Null ModelAndView returned to DispatcherServlet with name 'millery-ssm': assuming HandlerAdapter completed request handling
2017-11-17 00:10:17  [ http-nio-8080-exec-9:4142457 ] - [ DEBUG ]  Successfully completed request
2017-11-17 00:10:25  [ http-nio-8080-exec-10:4150666 ] - [ DEBUG ]  DispatcherServlet with name 'millery-ssm' processing POST request for [/InformationController/getInformation]
2017-11-17 00:10:25  [ http-nio-8080-exec-10:4150666 ] - [ DEBUG ]  Looking up handler method for path /InformationController/getInformation
2017-11-17 00:10:25  [ http-nio-8080-exec-10:4150666 ] - [ DEBUG ]  Returning handler method [public com.fcsservice.utils.Result com.fcsservice.controller.InformationController.getInformation(java.lang.String)]
2017-11-17 00:10:25  [ http-nio-8080-exec-10:4150667 ] - [ DEBUG ]  Returning cached instance of singleton bean 'informationController'
2017-11-17 00:10:25  [ http-nio-8080-exec-10:4150668 ] - [ DEBUG ]  Creating a new SqlSession
2017-11-17 00:10:25  [ http-nio-8080-exec-10:4150668 ] - [ DEBUG ]  SqlSession [org.apache.ibatis.session.defaults.DefaultSqlSession@6909b85f] was not registered for synchronization because synchronization is not active
2017-11-17 00:10:25  [ http-nio-8080-exec-10:4150669 ] - [ DEBUG ]  Fetching JDBC Connection from DataSource
2017-11-17 00:10:25  [ http-nio-8080-exec-10:4150669 ] - [ DEBUG ]  JDBC Connection [ConnectionHandle{url=jdbc:mysql://localhost:3306/fcsdatabase, user=root, debugHandle=null, lastResetAgoInSec=4121, lastUsedAgoInSec=101, creationTimeAgoInSec=4121}] will not be managed by Spring
2017-11-17 00:10:25  [ http-nio-8080-exec-10:4150670 ] - [ DEBUG ]  ==>  Preparing: select information_id, information_topic, information_author, information_content, information_fabulous, information_reltime, information_status from fcsinformation where information_id = ? 
2017-11-17 00:10:25  [ http-nio-8080-exec-10:4150672 ] - [ DEBUG ]  ==> Parameters: 211b349785de4a06a02f77e8ee7a2ade(String)
2017-11-17 00:10:25  [ http-nio-8080-exec-10:4150675 ] - [ DEBUG ]  <==      Total: 1
2017-11-17 00:10:25  [ http-nio-8080-exec-10:4150676 ] - [ DEBUG ]  Closing non transactional SqlSession [org.apache.ibatis.session.defaults.DefaultSqlSession@6909b85f]
2017-11-17 00:10:25  [ http-nio-8080-exec-10:4150676 ] - [ DEBUG ]  Returning JDBC Connection to DataSource
2017-11-17 00:10:25  [ http-nio-8080-exec-10:4150678 ] - [ DEBUG ]  Written [com.fcsservice.utils.Result@7ab816e5] as "application/json" using [org.springframework.http.converter.json.MappingJackson2HttpMessageConverter@6f967ee3]
2017-11-17 00:10:25  [ http-nio-8080-exec-10:4150678 ] - [ DEBUG ]  Null ModelAndView returned to DispatcherServlet with name 'millery-ssm': assuming HandlerAdapter completed request handling
2017-11-17 00:10:25  [ http-nio-8080-exec-10:4150678 ] - [ DEBUG ]  Successfully completed request
2017-11-17 00:10:30  [ http-nio-8080-exec-1:4155832 ] - [ DEBUG ]  DispatcherServlet with name 'millery-ssm' processing POST request for [/InformationController/getInformation]
2017-11-17 00:10:30  [ http-nio-8080-exec-1:4155832 ] - [ DEBUG ]  Looking up handler method for path /InformationController/getInformation
2017-11-17 00:10:30  [ http-nio-8080-exec-1:4155832 ] - [ DEBUG ]  Returning handler method [public com.fcsservice.utils.Result com.fcsservice.controller.InformationController.getInformation(java.lang.String)]
2017-11-17 00:10:30  [ http-nio-8080-exec-1:4155833 ] - [ DEBUG ]  Returning cached instance of singleton bean 'informationController'
2017-11-17 00:10:30  [ http-nio-8080-exec-1:4155834 ] - [ DEBUG ]  Creating a new SqlSession
2017-11-17 00:10:30  [ http-nio-8080-exec-1:4155841 ] - [ DEBUG ]  SqlSession [org.apache.ibatis.session.defaults.DefaultSqlSession@7a03378b] was not registered for synchronization because synchronization is not active
2017-11-17 00:10:30  [ http-nio-8080-exec-1:4155841 ] - [ DEBUG ]  Fetching JDBC Connection from DataSource
2017-11-17 00:10:30  [ http-nio-8080-exec-1:4155842 ] - [ DEBUG ]  JDBC Connection [ConnectionHandle{url=jdbc:mysql://localhost:3306/fcsdatabase, user=root, debugHandle=null, lastResetAgoInSec=4126, lastUsedAgoInSec=100, creationTimeAgoInSec=4126}] will not be managed by Spring
2017-11-17 00:10:30  [ http-nio-8080-exec-1:4155842 ] - [ DEBUG ]  ==>  Preparing: select information_id, information_topic, information_author, information_content, information_fabulous, information_reltime, information_status from fcsinformation where information_id = ? 
2017-11-17 00:10:30  [ http-nio-8080-exec-1:4155843 ] - [ DEBUG ]  ==> Parameters: 47dd36361df84d33a532b18a2a10b0b1(String)
2017-11-17 00:10:30  [ http-nio-8080-exec-1:4155845 ] - [ DEBUG ]  <==      Total: 1
2017-11-17 00:10:30  [ http-nio-8080-exec-1:4155845 ] - [ DEBUG ]  Closing non transactional SqlSession [org.apache.ibatis.session.defaults.DefaultSqlSession@7a03378b]
2017-11-17 00:10:30  [ http-nio-8080-exec-1:4155845 ] - [ DEBUG ]  Returning JDBC Connection to DataSource
2017-11-17 00:10:30  [ http-nio-8080-exec-1:4155847 ] - [ DEBUG ]  Written [com.fcsservice.utils.Result@4e29fb1b] as "application/json" using [org.springframework.http.converter.json.MappingJackson2HttpMessageConverter@6f967ee3]
2017-11-17 00:10:30  [ http-nio-8080-exec-1:4155848 ] - [ DEBUG ]  Null ModelAndView returned to DispatcherServlet with name 'millery-ssm': assuming HandlerAdapter completed request handling
2017-11-17 00:10:30  [ http-nio-8080-exec-1:4155848 ] - [ DEBUG ]  Successfully completed request
2017-11-17 00:16:24  [ http-nio-8080-exec-4:4510182 ] - [ DEBUG ]  DispatcherServlet with name 'millery-ssm' processing POST request for [/InformationController/getInformation]
2017-11-17 00:16:24  [ http-nio-8080-exec-4:4510183 ] - [ DEBUG ]  Looking up handler method for path /InformationController/getInformation
2017-11-17 00:16:24  [ http-nio-8080-exec-4:4510183 ] - [ DEBUG ]  Returning handler method [public com.fcsservice.utils.Result com.fcsservice.controller.InformationController.getInformation(java.lang.String)]
2017-11-17 00:16:24  [ http-nio-8080-exec-4:4510184 ] - [ DEBUG ]  Returning cached instance of singleton bean 'informationController'
2017-11-17 00:16:24  [ http-nio-8080-exec-4:4510187 ] - [ DEBUG ]  Creating a new SqlSession
2017-11-17 00:16:24  [ http-nio-8080-exec-4:4510187 ] - [ DEBUG ]  SqlSession [org.apache.ibatis.session.defaults.DefaultSqlSession@34e4d5ab] was not registered for synchronization because synchronization is not active
2017-11-17 00:16:24  [ http-nio-8080-exec-4:4510188 ] - [ DEBUG ]  Fetching JDBC Connection from DataSource
2017-11-17 00:16:24  [ http-nio-8080-exec-4:4510188 ] - [ DEBUG ]  JDBC Connection [ConnectionHandle{url=jdbc:mysql://localhost:3306/fcsdatabase, user=root, debugHandle=null, lastResetAgoInSec=4480, lastUsedAgoInSec=428, creationTimeAgoInSec=4480}] will not be managed by Spring
2017-11-17 00:16:24  [ http-nio-8080-exec-4:4510189 ] - [ DEBUG ]  ==>  Preparing: select information_id, information_topic, information_author, information_content, information_fabulous, information_reltime, information_status from fcsinformation where information_id = ? 
2017-11-17 00:16:24  [ http-nio-8080-exec-4:4510189 ] - [ DEBUG ]  ==> Parameters: 47dd36361df84d33a532b18a2a10b0b1(String)
2017-11-17 00:16:24  [ http-nio-8080-exec-4:4510191 ] - [ DEBUG ]  <==      Total: 1
2017-11-17 00:16:24  [ http-nio-8080-exec-4:4510192 ] - [ DEBUG ]  Closing non transactional SqlSession [org.apache.ibatis.session.defaults.DefaultSqlSession@34e4d5ab]
2017-11-17 00:16:24  [ http-nio-8080-exec-4:4510192 ] - [ DEBUG ]  Returning JDBC Connection to DataSource
2017-11-17 00:16:24  [ http-nio-8080-exec-4:4510195 ] - [ DEBUG ]  Written [com.fcsservice.utils.Result@648ef40] as "application/json" using [org.springframework.http.converter.json.MappingJackson2HttpMessageConverter@6f967ee3]
2017-11-17 00:16:24  [ http-nio-8080-exec-4:4510196 ] - [ DEBUG ]  Null ModelAndView returned to DispatcherServlet with name 'millery-ssm': assuming HandlerAdapter completed request handling
2017-11-17 00:16:24  [ http-nio-8080-exec-4:4510196 ] - [ DEBUG ]  Successfully completed request
2017-11-17 00:16:52  [ http-nio-8080-exec-5:4537860 ] - [ DEBUG ]  DispatcherServlet with name 'millery-ssm' processing POST request for [/InformationController/getInformation]
2017-11-17 00:16:52  [ http-nio-8080-exec-5:4537862 ] - [ DEBUG ]  Looking up handler method for path /InformationController/getInformation
2017-11-17 00:16:52  [ http-nio-8080-exec-5:4537862 ] - [ DEBUG ]  Returning handler method [public com.fcsservice.utils.Result com.fcsservice.controller.InformationController.getInformation(java.lang.String)]
2017-11-17 00:16:52  [ http-nio-8080-exec-5:4537862 ] - [ DEBUG ]  Returning cached instance of singleton bean 'informationController'
2017-11-17 00:16:52  [ http-nio-8080-exec-5:4537864 ] - [ DEBUG ]  Creating a new SqlSession
2017-11-17 00:16:52  [ http-nio-8080-exec-5:4537865 ] - [ DEBUG ]  SqlSession [org.apache.ibatis.session.defaults.DefaultSqlSession@130fbeb2] was not registered for synchronization because synchronization is not active
2017-11-17 00:16:52  [ http-nio-8080-exec-5:4537865 ] - [ DEBUG ]  Fetching JDBC Connection from DataSource
2017-11-17 00:16:52  [ http-nio-8080-exec-5:4537865 ] - [ DEBUG ]  JDBC Connection [ConnectionHandle{url=jdbc:mysql://localhost:3306/fcsdatabase, user=root, debugHandle=null, lastResetAgoInSec=4508, lastUsedAgoInSec=417, creationTimeAgoInSec=4508}] will not be managed by Spring
2017-11-17 00:16:52  [ http-nio-8080-exec-5:4537865 ] - [ DEBUG ]  ==>  Preparing: select information_id, information_topic, information_author, information_content, information_fabulous, information_reltime, information_status from fcsinformation where information_id = ? 
2017-11-17 00:16:52  [ http-nio-8080-exec-5:4537866 ] - [ DEBUG ]  ==> Parameters: 47dd36361df84d33a532b18a2a10b0b1(String)
2017-11-17 00:16:52  [ http-nio-8080-exec-5:4537867 ] - [ DEBUG ]  <==      Total: 1
2017-11-17 00:16:52  [ http-nio-8080-exec-5:4537867 ] - [ DEBUG ]  Closing non transactional SqlSession [org.apache.ibatis.session.defaults.DefaultSqlSession@130fbeb2]
2017-11-17 00:16:52  [ http-nio-8080-exec-5:4537868 ] - [ DEBUG ]  Returning JDBC Connection to DataSource
2017-11-17 00:16:52  [ http-nio-8080-exec-5:4537870 ] - [ DEBUG ]  Written [com.fcsservice.utils.Result@3cddf327] as "application/json" using [org.springframework.http.converter.json.MappingJackson2HttpMessageConverter@6f967ee3]
2017-11-17 00:16:52  [ http-nio-8080-exec-5:4537871 ] - [ DEBUG ]  Null ModelAndView returned to DispatcherServlet with name 'millery-ssm': assuming HandlerAdapter completed request handling
2017-11-17 00:16:52  [ http-nio-8080-exec-5:4537871 ] - [ DEBUG ]  Successfully completed request
2017-11-17 00:17:07  [ http-nio-8080-exec-7:4552341 ] - [ DEBUG ]  DispatcherServlet with name 'millery-ssm' processing POST request for [/InformationController/getInformation]
2017-11-17 00:17:07  [ http-nio-8080-exec-7:4552341 ] - [ DEBUG ]  Looking up handler method for path /InformationController/getInformation
2017-11-17 00:17:07  [ http-nio-8080-exec-7:4552341 ] - [ DEBUG ]  Returning handler method [public com.fcsservice.utils.Result com.fcsservice.controller.InformationController.getInformation(java.lang.String)]
2017-11-17 00:17:07  [ http-nio-8080-exec-7:4552341 ] - [ DEBUG ]  Returning cached instance of singleton bean 'informationController'
2017-11-17 00:17:07  [ http-nio-8080-exec-7:4552342 ] - [ DEBUG ]  Creating a new SqlSession
2017-11-17 00:17:07  [ http-nio-8080-exec-7:4552343 ] - [ DEBUG ]  SqlSession [org.apache.ibatis.session.defaults.DefaultSqlSession@29de8503] was not registered for synchronization because synchronization is not active
2017-11-17 00:17:07  [ http-nio-8080-exec-7:4552343 ] - [ DEBUG ]  Fetching JDBC Connection from DataSource
2017-11-17 00:17:07  [ http-nio-8080-exec-7:4552344 ] - [ DEBUG ]  JDBC Connection [ConnectionHandle{url=jdbc:mysql://localhost:3306/fcsdatabase, user=root, debugHandle=null, lastResetAgoInSec=4522, lastUsedAgoInSec=409, creationTimeAgoInSec=4522}] will not be managed by Spring
2017-11-17 00:17:07  [ http-nio-8080-exec-7:4552344 ] - [ DEBUG ]  ==>  Preparing: select information_id, information_topic, information_author, information_content, information_fabulous, information_reltime, information_status from fcsinformation where information_id = ? 
2017-11-17 00:17:07  [ http-nio-8080-exec-7:4552345 ] - [ DEBUG ]  ==> Parameters: 47dd36361df84d33a532b18a2a10b0b1(String)
2017-11-17 00:17:07  [ http-nio-8080-exec-7:4552349 ] - [ DEBUG ]  <==      Total: 1
2017-11-17 00:17:07  [ http-nio-8080-exec-7:4552350 ] - [ DEBUG ]  Closing non transactional SqlSession [org.apache.ibatis.session.defaults.DefaultSqlSession@29de8503]
2017-11-17 00:17:07  [ http-nio-8080-exec-7:4552351 ] - [ DEBUG ]  Returning JDBC Connection to DataSource
2017-11-17 00:17:07  [ http-nio-8080-exec-7:4552353 ] - [ DEBUG ]  Written [com.fcsservice.utils.Result@52e135a7] as "application/json" using [org.springframework.http.converter.json.MappingJackson2HttpMessageConverter@6f967ee3]
2017-11-17 00:17:07  [ http-nio-8080-exec-7:4552353 ] - [ DEBUG ]  Null ModelAndView returned to DispatcherServlet with name 'millery-ssm': assuming HandlerAdapter completed request handling
2017-11-17 00:17:07  [ http-nio-8080-exec-7:4552354 ] - [ DEBUG ]  Successfully completed request
2017-11-17 00:17:27  [ http-nio-8080-exec-8:4572962 ] - [ DEBUG ]  DispatcherServlet with name 'millery-ssm' processing POST request for [/InformationController/getInformation]
2017-11-17 00:17:27  [ http-nio-8080-exec-8:4572963 ] - [ DEBUG ]  Looking up handler method for path /InformationController/getInformation
2017-11-17 00:17:27  [ http-nio-8080-exec-8:4572963 ] - [ DEBUG ]  Returning handler method [public com.fcsservice.utils.Result com.fcsservice.controller.InformationController.getInformation(java.lang.String)]
2017-11-17 00:17:27  [ http-nio-8080-exec-8:4572964 ] - [ DEBUG ]  Returning cached instance of singleton bean 'informationController'
2017-11-17 00:17:27  [ http-nio-8080-exec-8:4572971 ] - [ DEBUG ]  Creating a new SqlSession
2017-11-17 00:17:27  [ http-nio-8080-exec-8:4572971 ] - [ DEBUG ]  SqlSession [org.apache.ibatis.session.defaults.DefaultSqlSession@13158660] was not registered for synchronization because synchronization is not active
2017-11-17 00:17:27  [ http-nio-8080-exec-8:4572972 ] - [ DEBUG ]  Fetching JDBC Connection from DataSource
2017-11-17 00:17:27  [ http-nio-8080-exec-8:4572972 ] - [ DEBUG ]  JDBC Connection [ConnectionHandle{url=jdbc:mysql://localhost:3306/fcsdatabase, user=root, debugHandle=null, lastResetAgoInSec=4543, lastUsedAgoInSec=422, creationTimeAgoInSec=4543}] will not be managed by Spring
2017-11-17 00:17:27  [ http-nio-8080-exec-8:4572972 ] - [ DEBUG ]  ==>  Preparing: select information_id, information_topic, information_author, information_content, information_fabulous, information_reltime, information_status from fcsinformation where information_id = ? 
2017-11-17 00:17:27  [ http-nio-8080-exec-8:4572973 ] - [ DEBUG ]  ==> Parameters: 47dd36361df84d33a532b18a2a10b0b1(String)
2017-11-17 00:17:27  [ http-nio-8080-exec-8:4572975 ] - [ DEBUG ]  <==      Total: 1
2017-11-17 00:17:27  [ http-nio-8080-exec-8:4572982 ] - [ DEBUG ]  Closing non transactional SqlSession [org.apache.ibatis.session.defaults.DefaultSqlSession@13158660]
2017-11-17 00:17:27  [ http-nio-8080-exec-8:4572982 ] - [ DEBUG ]  Returning JDBC Connection to DataSource
2017-11-17 00:17:27  [ http-nio-8080-exec-8:4572986 ] - [ DEBUG ]  Written [com.fcsservice.utils.Result@546dab88] as "application/json" using [org.springframework.http.converter.json.MappingJackson2HttpMessageConverter@6f967ee3]
2017-11-17 00:17:27  [ http-nio-8080-exec-8:4572986 ] - [ DEBUG ]  Null ModelAndView returned to DispatcherServlet with name 'millery-ssm': assuming HandlerAdapter completed request handling
2017-11-17 00:17:27  [ http-nio-8080-exec-8:4572986 ] - [ DEBUG ]  Successfully completed request
2017-11-17 00:18:21  [ http-nio-8080-exec-10:4626814 ] - [ DEBUG ]  DispatcherServlet with name 'millery-ssm' processing POST request for [/InformationController/getInformation]
2017-11-17 00:18:21  [ http-nio-8080-exec-10:4626815 ] - [ DEBUG ]  Looking up handler method for path /InformationController/getInformation
2017-11-17 00:18:21  [ http-nio-8080-exec-10:4626816 ] - [ DEBUG ]  Returning handler method [public com.fcsservice.utils.Result com.fcsservice.controller.InformationController.getInformation(java.lang.String)]
2017-11-17 00:18:21  [ http-nio-8080-exec-10:4626816 ] - [ DEBUG ]  Returning cached instance of singleton bean 'informationController'
2017-11-17 00:18:21  [ http-nio-8080-exec-10:4626817 ] - [ DEBUG ]  Creating a new SqlSession
2017-11-17 00:18:21  [ http-nio-8080-exec-10:4626817 ] - [ DEBUG ]  SqlSession [org.apache.ibatis.session.defaults.DefaultSqlSession@5e5782ad] was not registered for synchronization because synchronization is not active
2017-11-17 00:18:21  [ http-nio-8080-exec-10:4626818 ] - [ DEBUG ]  Fetching JDBC Connection from DataSource
2017-11-17 00:18:21  [ http-nio-8080-exec-10:4626818 ] - [ DEBUG ]  JDBC Connection [ConnectionHandle{url=jdbc:mysql://localhost:3306/fcsdatabase, user=root, debugHandle=null, lastResetAgoInSec=4597, lastUsedAgoInSec=470, creationTimeAgoInSec=4597}] will not be managed by Spring
2017-11-17 00:18:21  [ http-nio-8080-exec-10:4626818 ] - [ DEBUG ]  ==>  Preparing: select information_id, information_topic, information_author, information_content, information_fabulous, information_reltime, information_status from fcsinformation where information_id = ? 
2017-11-17 00:18:21  [ http-nio-8080-exec-10:4626819 ] - [ DEBUG ]  ==> Parameters: 47dd36361df84d33a532b18a2a10b0b1(String)
2017-11-17 00:18:21  [ http-nio-8080-exec-10:4626821 ] - [ DEBUG ]  <==      Total: 1
2017-11-17 00:18:21  [ http-nio-8080-exec-10:4626822 ] - [ DEBUG ]  Closing non transactional SqlSession [org.apache.ibatis.session.defaults.DefaultSqlSession@5e5782ad]
2017-11-17 00:18:21  [ http-nio-8080-exec-10:4626822 ] - [ DEBUG ]  Returning JDBC Connection to DataSource
2017-11-17 00:18:21  [ http-nio-8080-exec-10:4626824 ] - [ DEBUG ]  Written [com.fcsservice.utils.Result@6e688ebe] as "application/json" using [org.springframework.http.converter.json.MappingJackson2HttpMessageConverter@6f967ee3]
2017-11-17 00:18:21  [ http-nio-8080-exec-10:4626824 ] - [ DEBUG ]  Null ModelAndView returned to DispatcherServlet with name 'millery-ssm': assuming HandlerAdapter completed request handling
2017-11-17 00:18:21  [ http-nio-8080-exec-10:4626825 ] - [ DEBUG ]  Successfully completed request
2017-11-17 00:18:25  [ http-nio-8080-exec-1:4630932 ] - [ DEBUG ]  DispatcherServlet with name 'millery-ssm' processing POST request for [/InformationController/getInformation]
2017-11-17 00:18:25  [ http-nio-8080-exec-1:4630938 ] - [ DEBUG ]  Looking up handler method for path /InformationController/getInformation
2017-11-17 00:18:25  [ http-nio-8080-exec-1:4630939 ] - [ DEBUG ]  Returning handler method [public com.fcsservice.utils.Result com.fcsservice.controller.InformationController.getInformation(java.lang.String)]
2017-11-17 00:18:25  [ http-nio-8080-exec-1:4630940 ] - [ DEBUG ]  Returning cached instance of singleton bean 'informationController'
2017-11-17 00:18:25  [ http-nio-8080-exec-1:4630974 ] - [ DEBUG ]  Creating a new SqlSession
2017-11-17 00:18:25  [ http-nio-8080-exec-1:4630974 ] - [ DEBUG ]  SqlSession [org.apache.ibatis.session.defaults.DefaultSqlSession@2d75323a] was not registered for synchronization because synchronization is not active
2017-11-17 00:18:25  [ http-nio-8080-exec-1:4630975 ] - [ DEBUG ]  Fetching JDBC Connection from DataSource
2017-11-17 00:18:25  [ http-nio-8080-exec-1:4630975 ] - [ DEBUG ]  JDBC Connection [ConnectionHandle{url=jdbc:mysql://localhost:3306/fcsdatabase, user=root, debugHandle=null, lastResetAgoInSec=4601, lastUsedAgoInSec=120, creationTimeAgoInSec=4601}] will not be managed by Spring
2017-11-17 00:18:25  [ http-nio-8080-exec-1:4630975 ] - [ DEBUG ]  ==>  Preparing: select information_id, information_topic, information_author, information_content, information_fabulous, information_reltime, information_status from fcsinformation where information_id = ? 
2017-11-17 00:18:25  [ http-nio-8080-exec-1:4630976 ] - [ DEBUG ]  ==> Parameters: 47dd36361df84d33a532b18a2a10b0b1(String)
2017-11-17 00:18:25  [ http-nio-8080-exec-1:4630976 ] - [ DEBUG ]  <==      Total: 1
2017-11-17 00:18:25  [ http-nio-8080-exec-1:4630977 ] - [ DEBUG ]  Closing non transactional SqlSession [org.apache.ibatis.session.defaults.DefaultSqlSession@2d75323a]
2017-11-17 00:18:25  [ http-nio-8080-exec-1:4630977 ] - [ DEBUG ]  Returning JDBC Connection to DataSource
2017-11-17 00:18:25  [ http-nio-8080-exec-1:4630979 ] - [ DEBUG ]  Written [com.fcsservice.utils.Result@23c2ebdd] as "application/json" using [org.springframework.http.converter.json.MappingJackson2HttpMessageConverter@6f967ee3]
2017-11-17 00:18:25  [ http-nio-8080-exec-1:4630979 ] - [ DEBUG ]  Null ModelAndView returned to DispatcherServlet with name 'millery-ssm': assuming HandlerAdapter completed request handling
2017-11-17 00:18:25  [ http-nio-8080-exec-1:4630979 ] - [ DEBUG ]  Successfully completed request
2017-11-17 00:18:28  [ http-nio-8080-exec-2:4634078 ] - [ DEBUG ]  DispatcherServlet with name 'millery-ssm' processing POST request for [/InformationController/getInformation]
2017-11-17 00:18:28  [ http-nio-8080-exec-2:4634079 ] - [ DEBUG ]  Looking up handler method for path /InformationController/getInformation
2017-11-17 00:18:28  [ http-nio-8080-exec-2:4634080 ] - [ DEBUG ]  Returning handler method [public com.fcsservice.utils.Result com.fcsservice.controller.InformationController.getInformation(java.lang.String)]
2017-11-17 00:18:28  [ http-nio-8080-exec-2:4634080 ] - [ DEBUG ]  Returning cached instance of singleton bean 'informationController'
2017-11-17 00:18:28  [ http-nio-8080-exec-2:4634081 ] - [ DEBUG ]  Creating a new SqlSession
2017-11-17 00:18:28  [ http-nio-8080-exec-2:4634082 ] - [ DEBUG ]  SqlSession [org.apache.ibatis.session.defaults.DefaultSqlSession@614eb9f1] was not registered for synchronization because synchronization is not active
2017-11-17 00:18:28  [ http-nio-8080-exec-2:4634082 ] - [ DEBUG ]  Fetching JDBC Connection from DataSource
2017-11-17 00:18:28  [ http-nio-8080-exec-2:4634083 ] - [ DEBUG ]  JDBC Connection [ConnectionHandle{url=jdbc:mysql://localhost:3306/fcsdatabase, user=root, debugHandle=null, lastResetAgoInSec=4604, lastUsedAgoInSec=96, creationTimeAgoInSec=4604}] will not be managed by Spring
2017-11-17 00:18:28  [ http-nio-8080-exec-2:4634083 ] - [ DEBUG ]  ==>  Preparing: select information_id, information_topic, information_author, information_content, information_fabulous, information_reltime, information_status from fcsinformation where information_id = ? 
2017-11-17 00:18:28  [ http-nio-8080-exec-2:4634084 ] - [ DEBUG ]  ==> Parameters: 5365372b705f42eabe24dfd50097d4a4(String)
2017-11-17 00:18:28  [ http-nio-8080-exec-2:4634085 ] - [ DEBUG ]  <==      Total: 1
2017-11-17 00:18:28  [ http-nio-8080-exec-2:4634086 ] - [ DEBUG ]  Closing non transactional SqlSession [org.apache.ibatis.session.defaults.DefaultSqlSession@614eb9f1]
2017-11-17 00:18:28  [ http-nio-8080-exec-2:4634086 ] - [ DEBUG ]  Returning JDBC Connection to DataSource
2017-11-17 00:18:28  [ http-nio-8080-exec-2:4634088 ] - [ DEBUG ]  Written [com.fcsservice.utils.Result@6df3ca0] as "application/json" using [org.springframework.http.converter.json.MappingJackson2HttpMessageConverter@6f967ee3]
2017-11-17 00:18:28  [ http-nio-8080-exec-2:4634089 ] - [ DEBUG ]  Null ModelAndView returned to DispatcherServlet with name 'millery-ssm': assuming HandlerAdapter completed request handling
2017-11-17 00:18:28  [ http-nio-8080-exec-2:4634089 ] - [ DEBUG ]  Successfully completed request
2017-11-17 00:18:32  [ http-nio-8080-exec-4:4637670 ] - [ DEBUG ]  DispatcherServlet with name 'millery-ssm' processing POST request for [/InformationController/getInformation]
2017-11-17 00:18:32  [ http-nio-8080-exec-4:4637670 ] - [ DEBUG ]  Looking up handler method for path /InformationController/getInformation
2017-11-17 00:18:32  [ http-nio-8080-exec-4:4637670 ] - [ DEBUG ]  Returning handler method [public com.fcsservice.utils.Result com.fcsservice.controller.InformationController.getInformation(java.lang.String)]
2017-11-17 00:18:32  [ http-nio-8080-exec-4:4637670 ] - [ DEBUG ]  Returning cached instance of singleton bean 'informationController'
2017-11-17 00:18:32  [ http-nio-8080-exec-4:4637671 ] - [ DEBUG ]  Creating a new SqlSession
2017-11-17 00:18:32  [ http-nio-8080-exec-4:4637671 ] - [ DEBUG ]  SqlSession [org.apache.ibatis.session.defaults.DefaultSqlSession@14932baf] was not registered for synchronization because synchronization is not active
2017-11-17 00:18:32  [ http-nio-8080-exec-4:4637671 ] - [ DEBUG ]  Fetching JDBC Connection from DataSource
2017-11-17 00:18:32  [ http-nio-8080-exec-4:4637672 ] - [ DEBUG ]  JDBC Connection [ConnectionHandle{url=jdbc:mysql://localhost:3306/fcsdatabase, user=root, debugHandle=null, lastResetAgoInSec=4608, lastUsedAgoInSec=85, creationTimeAgoInSec=4608}] will not be managed by Spring
2017-11-17 00:18:32  [ http-nio-8080-exec-4:4637672 ] - [ DEBUG ]  ==>  Preparing: select information_id, information_topic, information_author, information_content, information_fabulous, information_reltime, information_status from fcsinformation where information_id = ? 
2017-11-17 00:18:32  [ http-nio-8080-exec-4:4637672 ] - [ DEBUG ]  ==> Parameters: 211b349785de4a06a02f77e8ee7a2ade(String)
2017-11-17 00:18:32  [ http-nio-8080-exec-4:4637673 ] - [ DEBUG ]  <==      Total: 1
2017-11-17 00:18:32  [ http-nio-8080-exec-4:4637674 ] - [ DEBUG ]  Closing non transactional SqlSession [org.apache.ibatis.session.defaults.DefaultSqlSession@14932baf]
2017-11-17 00:18:32  [ http-nio-8080-exec-4:4637674 ] - [ DEBUG ]  Returning JDBC Connection to DataSource
2017-11-17 00:18:32  [ http-nio-8080-exec-4:4637676 ] - [ DEBUG ]  Written [com.fcsservice.utils.Result@1828765] as "application/json" using [org.springframework.http.converter.json.MappingJackson2HttpMessageConverter@6f967ee3]
2017-11-17 00:18:32  [ http-nio-8080-exec-4:4637676 ] - [ DEBUG ]  Null ModelAndView returned to DispatcherServlet with name 'millery-ssm': assuming HandlerAdapter completed request handling
2017-11-17 00:18:32  [ http-nio-8080-exec-4:4637677 ] - [ DEBUG ]  Successfully completed request
2017-11-17 00:18:43  [ http-nio-8080-exec-3:4648865 ] - [ DEBUG ]  DispatcherServlet with name 'millery-ssm' processing POST request for [/InformationController/getInformation]
2017-11-17 00:18:43  [ http-nio-8080-exec-3:4648865 ] - [ DEBUG ]  Looking up handler method for path /InformationController/getInformation
2017-11-17 00:18:43  [ http-nio-8080-exec-3:4648865 ] - [ DEBUG ]  Returning handler method [public com.fcsservice.utils.Result com.fcsservice.controller.InformationController.getInformation(java.lang.String)]
2017-11-17 00:18:43  [ http-nio-8080-exec-3:4648865 ] - [ DEBUG ]  Returning cached instance of singleton bean 'informationController'
2017-11-17 00:18:43  [ http-nio-8080-exec-3:4648866 ] - [ DEBUG ]  Creating a new SqlSession
2017-11-17 00:18:43  [ http-nio-8080-exec-3:4648867 ] - [ DEBUG ]  SqlSession [org.apache.ibatis.session.defaults.DefaultSqlSession@45843ba7] was not registered for synchronization because synchronization is not active
2017-11-17 00:18:43  [ http-nio-8080-exec-3:4648867 ] - [ DEBUG ]  Fetching JDBC Connection from DataSource
2017-11-17 00:18:43  [ http-nio-8080-exec-3:4648867 ] - [ DEBUG ]  JDBC Connection [ConnectionHandle{url=jdbc:mysql://localhost:3306/fcsdatabase, user=root, debugHandle=null, lastResetAgoInSec=4619, lastUsedAgoInSec=75, creationTimeAgoInSec=4619}] will not be managed by Spring
2017-11-17 00:18:43  [ http-nio-8080-exec-3:4648867 ] - [ DEBUG ]  ==>  Preparing: select information_id, information_topic, information_author, information_content, information_fabulous, information_reltime, information_status from fcsinformation where information_id = ? 
2017-11-17 00:18:43  [ http-nio-8080-exec-3:4648868 ] - [ DEBUG ]  ==> Parameters: 47dd36361df84d33a532b18a2a10b0b1(String)
2017-11-17 00:18:43  [ http-nio-8080-exec-3:4648870 ] - [ DEBUG ]  <==      Total: 1
2017-11-17 00:18:43  [ http-nio-8080-exec-3:4648870 ] - [ DEBUG ]  Closing non transactional SqlSession [org.apache.ibatis.session.defaults.DefaultSqlSession@45843ba7]
2017-11-17 00:18:43  [ http-nio-8080-exec-3:4648871 ] - [ DEBUG ]  Returning JDBC Connection to DataSource
2017-11-17 00:18:43  [ http-nio-8080-exec-3:4648873 ] - [ DEBUG ]  Written [com.fcsservice.utils.Result@59381c0a] as "application/json" using [org.springframework.http.converter.json.MappingJackson2HttpMessageConverter@6f967ee3]
2017-11-17 00:18:43  [ http-nio-8080-exec-3:4648873 ] - [ DEBUG ]  Null ModelAndView returned to DispatcherServlet with name 'millery-ssm': assuming HandlerAdapter completed request handling
2017-11-17 00:18:43  [ http-nio-8080-exec-3:4648873 ] - [ DEBUG ]  Successfully completed request
2017-11-17 00:19:41  [ http-nio-8080-exec-7:4706711 ] - [ DEBUG ]  DispatcherServlet with name 'millery-ssm' processing POST request for [/InformationController/getInformation]
2017-11-17 00:19:41  [ http-nio-8080-exec-7:4706711 ] - [ DEBUG ]  Looking up handler method for path /InformationController/getInformation
2017-11-17 00:19:41  [ http-nio-8080-exec-7:4706712 ] - [ DEBUG ]  Returning handler method [public com.fcsservice.utils.Result com.fcsservice.controller.InformationController.getInformation(java.lang.String)]
2017-11-17 00:19:41  [ http-nio-8080-exec-7:4706712 ] - [ DEBUG ]  Returning cached instance of singleton bean 'informationController'
2017-11-17 00:19:41  [ http-nio-8080-exec-7:4706714 ] - [ DEBUG ]  Creating a new SqlSession
2017-11-17 00:19:41  [ http-nio-8080-exec-7:4706715 ] - [ DEBUG ]  SqlSession [org.apache.ibatis.session.defaults.DefaultSqlSession@f4a4465] was not registered for synchronization because synchronization is not active
2017-11-17 00:19:41  [ http-nio-8080-exec-7:4706716 ] - [ DEBUG ]  Fetching JDBC Connection from DataSource
2017-11-17 00:19:41  [ http-nio-8080-exec-7:4706717 ] - [ DEBUG ]  JDBC Connection [ConnectionHandle{url=jdbc:mysql://localhost:3306/fcsdatabase, user=root, debugHandle=null, lastResetAgoInSec=4677, lastUsedAgoInSec=79, creationTimeAgoInSec=4677}] will not be managed by Spring
2017-11-17 00:19:41  [ http-nio-8080-exec-7:4706718 ] - [ DEBUG ]  ==>  Preparing: select information_id, information_topic, information_author, information_content, information_fabulous, information_reltime, information_status from fcsinformation where information_id = ? 
2017-11-17 00:19:41  [ http-nio-8080-exec-7:4706720 ] - [ DEBUG ]  ==> Parameters: 47dd36361df84d33a532b18a2a10b0b1(String)
2017-11-17 00:19:41  [ http-nio-8080-exec-7:4706722 ] - [ DEBUG ]  <==      Total: 1
2017-11-17 00:19:41  [ http-nio-8080-exec-7:4706723 ] - [ DEBUG ]  Closing non transactional SqlSession [org.apache.ibatis.session.defaults.DefaultSqlSession@f4a4465]
2017-11-17 00:19:41  [ http-nio-8080-exec-7:4706724 ] - [ DEBUG ]  Returning JDBC Connection to DataSource
2017-11-17 00:19:41  [ http-nio-8080-exec-7:4706726 ] - [ DEBUG ]  Written [com.fcsservice.utils.Result@6ba9e83d] as "application/json" using [org.springframework.http.converter.json.MappingJackson2HttpMessageConverter@6f967ee3]
2017-11-17 00:19:41  [ http-nio-8080-exec-7:4706726 ] - [ DEBUG ]  Null ModelAndView returned to DispatcherServlet with name 'millery-ssm': assuming HandlerAdapter completed request handling
2017-11-17 00:19:41  [ http-nio-8080-exec-7:4706726 ] - [ DEBUG ]  Successfully completed request
2017-11-17 00:19:52  [ localhost-startStop-2:4717908 ] - [ INFO ]  Closing WebApplicationContext for namespace 'millery-ssm-servlet': startup date [Thu Nov 16 23:01:19 CST 2017]; parent: Root WebApplicationContext
2017-11-17 00:19:52  [ localhost-startStop-2:4717948 ] - [ DEBUG ]  Returning cached instance of singleton bean 'sqlSessionFactory'
2017-11-17 00:19:52  [ localhost-startStop-2:4717959 ] - [ DEBUG ]  Returning cached instance of singleton bean 'lifecycleProcessor'
2017-11-17 00:19:52  [ localhost-startStop-2:4717960 ] - [ DEBUG ]  Destroying singletons in org.springframework.beans.factory.support.DefaultListableBeanFactory@2cfbf92e: defining beans [mvcContentNegotiationManager,org.springframework.web.servlet.mvc.method.annotation.RequestMappingHandlerMapping,mvcCorsConfigurations,org.springframework.format.support.FormattingConversionServiceFactoryBean#0,org.springframework.web.servlet.mvc.method.annotation.RequestMappingHandlerAdapter,mvcUriComponentsContributor,org.springframework.web.servlet.handler.MappedInterceptor#0,org.springframework.web.servlet.mvc.method.annotation.ExceptionHandlerExceptionResolver#0,org.springframework.web.servlet.mvc.annotation.ResponseStatusExceptionResolver#0,org.springframework.web.servlet.mvc.support.DefaultHandlerExceptionResolver#0,org.springframework.web.servlet.handler.BeanNameUrlHandlerMapping,org.springframework.web.servlet.mvc.HttpRequestHandlerAdapter,org.springframework.web.servlet.mvc.SimpleControllerHandlerAdapter,mvcHandlerMappingIntrospector,mvcResourceUrlProvider,org.springframework.web.servlet.handler.MappedInterceptor#1,org.springframework.web.servlet.resource.ResourceHttpRequestHandler#0,mvcPathMatcher,mvcUrlPathHelper,org.springframework.web.servlet.handler.SimpleUrlHandlerMapping#0,accountController,codeController,designerController,dictDataController,followController,informationController,userDataController,org.springframework.context.annotation.internalConfigurationAnnotationProcessor,org.springframework.context.annotation.internalAutowiredAnnotationProcessor,org.springframework.context.annotation.internalRequiredAnnotationProcessor,org.springframework.context.annotation.internalCommonAnnotationProcessor,org.springframework.context.event.internalEventListenerProcessor,org.springframework.context.event.internalEventListenerFactory,accountService,codeService,designerService,dictcateService,dictdataService,followService,informationService,tagService,userDataService,accountDao,codeDao,designerDao,dictcateDao,dictdataDao,followDao,informationDao,tagDao,userDataDao,workDao]; parent: org.springframework.beans.factory.support.DefaultListableBeanFactory@2f8364fc
2017-11-17 00:19:52  [ localhost-startStop-2:4717968 ] - [ DEBUG ]  Retrieved dependent beans for bean '(inner bean)#6c1b6d30': [(inner bean)#2adcfc77]
2017-11-17 00:19:52  [ localhost-startStop-2:4717969 ] - [ DEBUG ]  Retrieved dependent beans for bean '(inner bean)#2adcfc77': [org.springframework.web.servlet.handler.MappedInterceptor#1]
2017-11-17 00:19:52  [ localhost-startStop-2:4717978 ] - [ INFO ]  Closing Root WebApplicationContext: startup date [Thu Nov 16 23:01:14 CST 2017]; root of context hierarchy
2017-11-17 00:19:52  [ localhost-startStop-2:4717979 ] - [ DEBUG ]  Returning cached instance of singleton bean 'lifecycleProcessor'
2017-11-17 00:19:52  [ localhost-startStop-2:4717980 ] - [ DEBUG ]  Destroying singletons in org.springframework.beans.factory.support.DefaultListableBeanFactory@2f8364fc: defining beans [sqlSessionFactory,org.mybatis.spring.mapper.MapperScannerConfigurer#0,transactionManager,txAdvice,org.springframework.aop.config.internalAutoProxyCreator,myPointcut,org.springframework.aop.support.DefaultBeanFactoryPointcutAdvisor#0,org.springframework.beans.factory.config.PropertyPlaceholderConfigurer#0,dataSource,albumMapper,clothMapper,codeMapper,collectMapper,commentMapper,componentMapper,costumeMapper,dictcateMapper,dictdataMapper,fabulousMapper,followMapper,informationMapper,purchaseMapper,tagMapper,typeMapper,userAccountMapper,userDataMapper,weaveMapper,workMapper,org.springframework.context.annotation.internalConfigurationAnnotationProcessor,org.springframework.context.annotation.internalAutowiredAnnotationProcessor,org.springframework.context.annotation.internalRequiredAnnotationProcessor,org.springframework.context.annotation.internalCommonAnnotationProcessor,org.springframework.context.event.internalEventListenerProcessor,org.springframework.context.event.internalEventListenerFactory]; root of factory hierarchy
2017-11-17 00:19:52  [ localhost-startStop-2:4717980 ] - [ DEBUG ]  Retrieved dependent beans for bean 'sqlSessionFactory': [albumMapper, clothMapper, codeMapper, collectMapper, commentMapper, componentMapper, costumeMapper, dictcateMapper, dictdataMapper, fabulousMapper, followMapper, informationMapper, purchaseMapper, tagMapper, typeMapper, userAccountMapper, userDataMapper, weaveMapper, workMapper]
2017-11-17 00:19:52  [ localhost-startStop-2:4717983 ] - [ DEBUG ]  Retrieved dependent beans for bean 'dataSource': [transactionManager]
2017-11-17 00:19:52  [ localhost-startStop-2:4717983 ] - [ DEBUG ]  Retrieved dependent beans for bean 'transactionManager': [txAdvice]
2017-11-17 00:19:52  [ localhost-startStop-2:4717983 ] - [ DEBUG ]  Retrieved dependent beans for bean '(inner bean)#5634bb3e': [txAdvice]
2017-11-17 00:19:52  [ localhost-startStop-2:4717984 ] - [ DEBUG ]  Invoking destroy method 'close' on bean with name 'dataSource'
2017-11-17 00:19:52  [ localhost-startStop-2:4717984 ] - [ INFO ]  Shutting down connection pool...
2017-11-17 00:19:52  [ BoneCP-pool-watch-thread:4717986 ] - [ DEBUG ]  Terminating pool watch thread
2017-11-17 00:19:52  [ localhost-startStop-2:4717992 ] - [ INFO ]  Connection pool has been shutdown.
2017-11-17 00:19:52  [ localhost-startStop-2:4717992 ] - [ DEBUG ]  Connection pool has been shut down
